[2026-03-29 00:00:01 UTC] scan elapsed=7.0ms macro=NEUTRAL
  TOP3: ['ETHUSDT', 'RIVERUSDT']
  scores: [38.4136, 40.988]
  types: ['CORE', 'INDEPENDENT']
  full_ranking_count: 10
[2026-03-29 00:01:01 UTC] scan elapsed=7.0ms macro=BEAR
  TOP3: ['BTCUSDT', 'RIVERUSDT', 'DOGEUSDT']
  scores: [38.0244, 40.7964, 39.2614]
  types: ['CORE', 'HIGH_BETA', 'INDEPENDENT']
  full_ranking_count: 9
[2026-03-29 00:02:03 UTC] scan elapsed=6.0ms macro=BEAR
  TOP3: ['ETHUSDT', 'RIVERUSDT', 'HYPEUSDT']
  scores: [38.3751, 33.1261, 37.935]
  types: ['CORE', 'HIGH_BETA', 'INDEPENDENT']
  full_ranking_count: 9
[2026-03-29 00:03:04 UTC] scan elapsed=6.0ms macro=BEAR
  TOP3: ['ETHUSDT', 'HYPEUSDT', 'RIVERUSDT']
  scores: [38.3751, 37.935, 40.7935]
  types: ['CORE', 'HIGH_BETA', 'INDEPENDENT']
  full_ranking_count: 10
[2026-03-29 00:04:06 UTC] scan elapsed=7.2ms macro=BEAR
  TOP3: ['BTCUSDT', 'HYPEUSDT', 'RIVERUSDT']
  scores: [37.1936, 37.4395, 40.6193]
  types: ['CORE', 'HIGH_BETA', 'INDEPENDENT']
  full_ranking_count: 10
[2026-03-29 00:05:07 UTC] scan elapsed=6.1ms macro=BEAR
  TOP3: ['ETHUSDT', 'HYPEUSDT', 'DOGEUSDT']
  scores: [37.4955, 37.4396, 41.2814]
  types: ['CORE', 'HIGH_BETA', 'INDEPENDENT']
  full_ranking_count: 10
[2026-03-29 00:06:08 UTC] scan elapsed=7.4ms macro=BEAR
  TOP3: ['ETHUSDT', 'HYPEUSDT', 'DOGEUSDT']
  scores: [37.6342, 37.41, 39.3009]
  types: ['CORE', 'HIGH_BETA', 'INDEPENDENT']
  full_ranking_count: 9
[2026-03-29 00:07:09 UTC] scan elapsed=7.0ms macro=BEAR
  TOP3: ['ETHUSDT', 'HYPEUSDT', 'DOGEUSDT']
  scores: [37.2534, 36.4355, 37.9117]
  types: ['CORE', 'HIGH_BETA', 'INDEPENDENT']
  full_ranking_count: 10
[2026-03-29 00:08:12 UTC] scan elapsed=7.0ms macro=BEAR
  TOP3: ['BTCUSDT', 'RIVERUSDT', 'DOGEUSDT']
  scores: [36.8832, 35.9749, 39.6639]
  types: ['CORE', 'HIGH_BETA', 'INDEPENDENT']
  full_ranking_count: 10
[2026-03-29 00:09:13 UTC] scan elapsed=6.0ms macro=BEAR
  TOP3: ['BTCUSDT', 'RIVERUSDT', 'DOGEUSDT']
  scores: [36.8832, 41.5054, 40.5583]
  types: ['CORE', 'HIGH_BETA', 'INDEPENDENT']
  full_ranking_count: 10
[2026-03-29 00:10:15 UTC] scan elapsed=9.4ms macro=BEAR
  TOP3: ['ETHUSDT', 'RIVERUSDT', 'DOGEUSDT']
  scores: [37.1409, 41.505, 41.3896]
  types: ['CORE', 'HIGH_BETA', 'INDEPENDENT']
  full_ranking_count: 10
[2026-03-29 00:11:16 UTC] scan elapsed=7.8ms macro=BEAR
  TOP3: ['ETHUSDT', 'RIVERUSDT', 'TAOUSDT']
  scores: [37.6022, 33.551, 37.2677]
  types: ['CORE', 'HIGH_BETA', 'INDEPENDENT']
  full_ranking_count: 10
[2026-03-29 00:12:17 UTC] scan elapsed=6.0ms macro=BEAR
  TOP3: ['ETHUSDT', 'RIVERUSDT', 'DOGEUSDT']
  scores: [37.6023, 41.2509, 43.5698]
  types: ['CORE', 'HIGH_BETA', 'INDEPENDENT']
  full_ranking_count: 10
[2026-03-29 00:13:18 UTC] scan elapsed=6.5ms macro=BEAR
  TOP3: ['BTCUSDT', 'RIVERUSDT', 'DOGEUSDT']
  scores: [37.4681, 41.2521, 44.192]
  types: ['CORE', 'HIGH_BETA', 'INDEPENDENT']
  full_ranking_count: 10
[2026-03-29 00:14:22 UTC] scan elapsed=6.2ms macro=BEAR
  TOP3: ['ETHUSDT', 'TAOUSDT', 'DOGEUSDT']
  scores: [38.286, 37.7849, 38.9099]
  types: ['CORE', 'HIGH_BETA', 'INDEPENDENT']
  full_ranking_count: 10
[2026-03-29 00:15:22 UTC] scan elapsed=7.0ms macro=BEAR
  TOP3: ['ETHUSDT', 'TAOUSDT', 'DOGEUSDT']
  scores: [37.8575, 37.4669, 39.9201]
  types: ['CORE', 'HIGH_BETA', 'INDEPENDENT']
  full_ranking_count: 10
[2026-03-29 00:16:23 UTC] scan elapsed=7.0ms macro=NEUTRAL
  TOP3: ['ETHUSDT', 'HYPEUSDT']
  scores: [37.8575, 38.4241]
  types: ['CORE', 'INDEPENDENT']
  full_ranking_count: 10
[2026-03-29 00:17:26 UTC] scan elapsed=7.1ms macro=NEUTRAL
  TOP3: ['ETHUSDT', 'HYPEUSDT']
  scores: [37.8575, 38.4878]
  types: ['CORE', 'INDEPENDENT']
  full_ranking_count: 10
[2026-03-29 00:18:28 UTC] scan elapsed=7.0ms macro=NEUTRAL
  TOP3: ['ETHUSDT', 'DOGEUSDT']
  scores: [37.8575, 39.1396]
  types: ['CORE', 'INDEPENDENT']
  full_ranking_count: 10
[2026-03-29 00:19:29 UTC] scan elapsed=7.0ms macro=NEUTRAL
  TOP3: ['ETHUSDT', 'DOGEUSDT']
  scores: [37.2011, 39.5652]
  types: ['CORE', 'INDEPENDENT']
  full_ranking_count: 10
[2026-03-29 00:20:30 UTC] scan elapsed=7.1ms macro=NEUTRAL
  TOP3: ['ETHUSDT', 'RIVERUSDT']
  scores: [37.2011, 39.976]
  types: ['CORE', 'INDEPENDENT']
  full_ranking_count: 10
[2026-03-29 00:21:31 UTC] scan elapsed=7.2ms macro=NEUTRAL
  TOP3: ['ETHUSDT', 'RIVERUSDT']
  scores: [37.5199, 40.1446]
  types: ['CORE', 'INDEPENDENT']
  full_ranking_count: 10
[2026-03-29 00:22:32 UTC] scan elapsed=6.5ms macro=NEUTRAL
  TOP3: ['BTCUSDT', 'HYPEUSDT']
  scores: [36.6395, 37.1289]
  types: ['CORE', 'INDEPENDENT']
  full_ranking_count: 10
[2026-03-29 00:23:34 UTC] scan elapsed=6.8ms macro=NEUTRAL
  TOP3: ['BTCUSDT', 'HYPEUSDT']
  scores: [39.6325, 34.7262]
  types: ['CORE', 'INDEPENDENT']
  full_ranking_count: 10
[2026-03-29 00:24:36 UTC] scan elapsed=6.0ms macro=NEUTRAL
  TOP3: ['BTCUSDT', 'DOGEUSDT']
  scores: [42.3922, 40.0741]
  types: ['CORE', 'INDEPENDENT']
  full_ranking_count: 10
[2026-03-29 00:25:40 UTC] scan elapsed=6.8ms macro=BEAR
  TOP3: ['BTCUSDT', 'RIVERUSDT', 'DOGEUSDT']
  scores: [42.344, 38.1199, 42.5346]
  types: ['CORE', 'HIGH_BETA', 'INDEPENDENT']
  full_ranking_count: 10
[2026-03-29 00:26:40 UTC] scan elapsed=6.0ms macro=BEAR
  TOP3: ['BTCUSDT', 'TAOUSDT', 'HYPEUSDT']
  scores: [34.9577, 37.8521, 41.7383]
  types: ['CORE', 'HIGH_BETA', 'INDEPENDENT']
  full_ranking_count: 10
[2026-03-29 00:27:42 UTC] scan elapsed=7.0ms macro=BEAR
  TOP3: ['BTCUSDT', 'RIVERUSDT', 'HYPEUSDT']
  scores: [42.344, 38.1964, 40.1514]
  types: ['CORE', 'HIGH_BETA', 'INDEPENDENT']
  full_ranking_count: 10
[2026-03-29 00:28:44 UTC] scan elapsed=7.7ms macro=BEAR
  TOP3: ['ETHUSDT', 'TAOUSDT', 'HYPEUSDT']
  scores: [41.5714, 36.2164, 39.2347]
  types: ['CORE', 'HIGH_BETA', 'INDEPENDENT']
  full_ranking_count: 10
[2026-03-29 00:29:46 UTC] scan elapsed=6.3ms macro=BEAR
  TOP3: ['ETHUSDT', 'TAOUSDT', 'SOLUSDT']
  scores: [41.5714, 37.5365, 38.4394]
  types: ['CORE', 'HIGH_BETA', 'INDEPENDENT']
  full_ranking_count: 10
[2026-03-29 00:30:47 UTC] scan elapsed=6.0ms macro=NEUTRAL
  TOP3: ['BTCUSDT', 'HYPEUSDT']
  scores: [40.6898, 40.7258]
  types: ['CORE', 'INDEPENDENT']
  full_ranking_count: 10
[2026-03-29 00:31:49 UTC] scan elapsed=6.5ms macro=NEUTRAL
  TOP3: ['BTCUSDT', 'DOGEUSDT']
  scores: [40.6898, 40.7456]
  types: ['CORE', 'INDEPENDENT']
  full_ranking_count: 10
[2026-03-29 00:32:50 UTC] scan elapsed=6.2ms macro=NEUTRAL
  TOP3: ['ETHUSDT', 'DOGEUSDT']
  scores: [41.0331, 43.4787]
  types: ['CORE', 'INDEPENDENT']
  full_ranking_count: 10
[2026-03-29 00:33:52 UTC] scan elapsed=7.1ms macro=NEUTRAL
  TOP3: ['BTCUSDT', 'DOGEUSDT']
  scores: [40.4748, 42.701]
  types: ['CORE', 'INDEPENDENT']
  full_ranking_count: 10
[2026-03-29 00:34:53 UTC] scan elapsed=7.0ms macro=NEUTRAL
  TOP3: ['ETHUSDT', 'DOGEUSDT']
  scores: [40.4376, 41.7697]
  types: ['CORE', 'INDEPENDENT']
  full_ranking_count: 10
[2026-03-29 00:35:55 UTC] scan elapsed=8.2ms macro=BEAR
  TOP3: ['BTCUSDT', 'TAOUSDT']
  scores: [40.4899, 38.4071]
  types: ['CORE', 'INDEPENDENT']
  full_ranking_count: 10
[2026-03-29 00:36:59 UTC] scan elapsed=7.0ms macro=BEAR
  TOP3: ['BTCUSDT', 'HYPEUSDT']
  scores: [33.9083, 41.0898]
  types: ['CORE', 'INDEPENDENT']
  full_ranking_count: 10
[2026-03-29 00:38:03 UTC] scan elapsed=7.0ms macro=BEAR
  TOP3: ['ETHUSDT', 'DOGEUSDT']
  scores: [40.3679, 40.7085]
  types: ['CORE', 'INDEPENDENT']
  full_ranking_count: 10
[2026-03-29 00:39:06 UTC] scan elapsed=6.0ms macro=BEAR
  TOP3: ['ETHUSDT', 'DOGEUSDT']
  scores: [41.3911, 37.2076]
  types: ['CORE', 'INDEPENDENT']
  full_ranking_count: 10
[2026-03-29 00:40:08 UTC] scan elapsed=6.8ms macro=BEAR
  TOP3: ['BTCUSDT', 'DOGEUSDT']
  scores: [41.2421, 40.2207]
  types: ['CORE', 'INDEPENDENT']
  full_ranking_count: 10
[2026-03-29 00:41:13 UTC] scan elapsed=7.3ms macro=BEAR
  TOP3: ['ETHUSDT', 'HYPEUSDT']
  scores: [41.4717, 40.3627]
  types: ['CORE', 'INDEPENDENT']
  full_ranking_count: 10
[2026-03-29 00:42:17 UTC] scan elapsed=9.5ms macro=BEAR
  TOP3: ['ETHUSDT', 'DOGEUSDT']
  scores: [41.4717, 40.8632]
  types: ['CORE', 'INDEPENDENT']
  full_ranking_count: 10
[2026-03-29 00:43:18 UTC] scan elapsed=7.0ms macro=BEAR
  TOP3: ['ETHUSDT', 'HYPEUSDT']
  scores: [41.4717, 40.3627]
  types: ['CORE', 'INDEPENDENT']
  full_ranking_count: 10
[2026-03-29 00:44:20 UTC] scan elapsed=7.5ms macro=BEAR
  TOP3: ['BTCUSDT', 'RIVERUSDT']
  scores: [39.6186, 42.9777]
  types: ['CORE', 'INDEPENDENT']
  full_ranking_count: 10
[2026-03-29 00:45:20 UTC] scan elapsed=7.0ms macro=BEAR
  TOP3: ['BTCUSDT', 'RIVERUSDT']
  scores: [39.5928, 39.8454]
  types: ['CORE', 'INDEPENDENT']
  full_ranking_count: 10
[2026-03-29 00:46:20 UTC] scan elapsed=6.0ms macro=BEAR
  TOP3: ['BTCUSDT', 'HYPEUSDT']
  scores: [39.5928, 39.1979]
  types: ['CORE', 'INDEPENDENT']
  full_ranking_count: 10
[2026-03-29 00:47:21 UTC] scan elapsed=6.9ms macro=BEAR
  TOP3: ['BTCUSDT', 'RIVERUSDT']
  scores: [39.5928, 41.4298]
  types: ['CORE', 'INDEPENDENT']
  full_ranking_count: 10
[2026-03-29 00:48:23 UTC] scan elapsed=7.0ms macro=BEAR
  TOP3: ['ETHUSDT', 'RIVERUSDT', 'HYPEUSDT']
  scores: [39.5831, 38.3435, 39.1979]
  types: ['CORE', 'HIGH_BETA', 'INDEPENDENT']
  full_ranking_count: 10
[2026-03-29 00:49:23 UTC] scan elapsed=7.0ms macro=BEAR
  TOP3: ['ETHUSDT', 'RIVERUSDT', 'TAOUSDT']
  scores: [34.1076, 42.39, 40.0602]
  types: ['CORE', 'HIGH_BETA', 'INDEPENDENT']
  full_ranking_count: 10
[2026-03-29 00:50:27 UTC] scan elapsed=7.0ms macro=BEAR
  TOP3: ['ETHUSDT', 'RIVERUSDT', 'HYPEUSDT']
  scores: [40.2276, 41.694, 40.6087]
  types: ['CORE', 'HIGH_BETA', 'INDEPENDENT']
  full_ranking_count: 10
[2026-03-29 00:51:28 UTC] scan elapsed=6.3ms macro=BEAR
  TOP3: ['ETHUSDT', 'RIVERUSDT', 'HYPEUSDT']
  scores: [40.2276, 41.6922, 40.609]
  types: ['CORE', 'HIGH_BETA', 'INDEPENDENT']
  full_ranking_count: 10
[2026-03-29 00:52:29 UTC] scan elapsed=8.2ms macro=BEAR
  TOP3: ['ETHUSDT', 'RIVERUSDT', 'TAOUSDT']
  scores: [40.2276, 39.8572, 40.0298]
  types: ['CORE', 'HIGH_BETA', 'INDEPENDENT']
  full_ranking_count: 10
[2026-03-29 00:53:29 UTC] scan elapsed=6.0ms macro=BEAR
  TOP3: ['BTCUSDT', 'RIVERUSDT', 'HYPEUSDT']
  scores: [34.7837, 41.6932, 40.6089]
  types: ['CORE', 'HIGH_BETA', 'INDEPENDENT']
  full_ranking_count: 10
[2026-03-29 00:54:32 UTC] scan elapsed=6.6ms macro=BEAR
  TOP3: ['BTCUSDT', 'RIVERUSDT', 'DOGEUSDT']
  scores: [36.4818, 40.9241, 39.6412]
  types: ['CORE', 'HIGH_BETA', 'INDEPENDENT']
  full_ranking_count: 10
[2026-03-29 00:55:32 UTC] scan elapsed=7.0ms macro=BEAR
  TOP3: ['BTCUSDT', 'RIVERUSDT', 'DOGEUSDT']
  scores: [37.6986, 37.8139, 42.6038]
  types: ['CORE', 'HIGH_BETA', 'INDEPENDENT']
  full_ranking_count: 10
[2026-03-29 00:56:32 UTC] scan elapsed=7.0ms macro=BEAR
  TOP3: ['BTCUSDT', 'RIVERUSDT', 'DOGEUSDT']
  scores: [37.6986, 32.6619, 41.1393]
  types: ['CORE', 'HIGH_BETA', 'INDEPENDENT']
  full_ranking_count: 10
[2026-03-29 00:57:34 UTC] scan elapsed=6.5ms macro=BEAR
  TOP3: ['BTCUSDT', 'RIVERUSDT', 'TAOUSDT']
  scores: [37.6986, 36.4073, 38.1453]
  types: ['CORE', 'HIGH_BETA', 'INDEPENDENT']
  full_ranking_count: 10
[2026-03-29 00:58:36 UTC] scan elapsed=7.0ms macro=BEAR
  TOP3: ['ETHUSDT', 'DOGEUSDT', 'TAOUSDT']
  scores: [37.3921, 43.3886, 38.1453]
  types: ['CORE', 'HIGH_BETA', 'INDEPENDENT']
  full_ranking_count: 10
[2026-03-29 00:59:37 UTC] scan elapsed=6.6ms macro=BEAR
  TOP3: ['ETHUSDT', 'DOGEUSDT', 'RIVERUSDT']
  scores: [37.0855, 38.2625, 41.003]
  types: ['CORE', 'HIGH_BETA', 'INDEPENDENT']
  full_ranking_count: 10
[2026-03-29 01:00:39 UTC] scan elapsed=7.0ms macro=NEUTRAL
  TOP3: ['ETHUSDT', 'DOGEUSDT']
  scores: [37.2041, 43.9612]
  types: ['CORE', 'INDEPENDENT']
  full_ranking_count: 10
[2026-03-29 01:01:41 UTC] scan elapsed=7.0ms macro=NEUTRAL
  TOP3: ['ETHUSDT', 'DOGEUSDT']
  scores: [37.2041, 43.3308]
  types: ['CORE', 'INDEPENDENT']
  full_ranking_count: 10
[2026-03-29 01:02:43 UTC] scan elapsed=7.0ms macro=NEUTRAL
  TOP3: ['ETHUSDT', 'DOGEUSDT']
  scores: [37.2041, 41.2045]
  types: ['CORE', 'INDEPENDENT']
  full_ranking_count: 10
[2026-03-29 01:03:44 UTC] scan elapsed=7.4ms macro=NEUTRAL
  TOP3: ['ETHUSDT', 'DOGEUSDT']
  scores: [37.2041, 39.4977]
  types: ['CORE', 'INDEPENDENT']
  full_ranking_count: 9
[2026-03-29 01:04:45 UTC] scan elapsed=6.0ms macro=NEUTRAL
  TOP3: ['ETHUSDT', 'XRPUSDT']
  scores: [37.958, 37.8069]
  types: ['CORE', 'INDEPENDENT']
  full_ranking_count: 10
[2026-03-29 01:05:47 UTC] scan elapsed=8.0ms macro=BEAR
  TOP3: ['ETHUSDT', 'RIVERUSDT', 'DOGEUSDT']
  scores: [37.837, 40.714, 39.9415]
  types: ['CORE', 'HIGH_BETA', 'INDEPENDENT']
  full_ranking_count: 10
[2026-03-29 01:06:49 UTC] scan elapsed=7.5ms macro=BEAR
  TOP3: ['ETHUSDT', 'RIVERUSDT', 'HYPEUSDT']
  scores: [37.837, 40.717, 37.9987]
  types: ['CORE', 'HIGH_BETA', 'INDEPENDENT']
  full_ranking_count: 10
[2026-03-29 01:07:50 UTC] scan elapsed=7.0ms macro=BEAR
  TOP3: ['BTCUSDT', 'RIVERUSDT', 'DOGEUSDT']
  scores: [35.8555, 39.2763, 39.8982]
  types: ['CORE', 'HIGH_BETA', 'INDEPENDENT']
  full_ranking_count: 10
[2026-03-29 01:08:55 UTC] scan elapsed=7.0ms macro=BEAR
  TOP3: ['ETHUSDT', 'DOGEUSDT']
  scores: [42.0983, 41.2739]
  types: ['CORE', 'INDEPENDENT']
  full_ranking_count: 10
[2026-03-29 01:09:58 UTC] scan elapsed=7.2ms macro=BEAR
  TOP3: ['ETHUSDT', 'HYPEUSDT']
  scores: [40.0089, 38.2858]
  types: ['CORE', 'INDEPENDENT']
  full_ranking_count: 9
[2026-03-29 01:10:59 UTC] scan elapsed=6.0ms macro=BEAR
  TOP3: ['BTCUSDT', 'DOGEUSDT']
  scores: [33.7706, 44.151]
  types: ['CORE', 'INDEPENDENT']
  full_ranking_count: 9
[2026-03-29 01:12:00 UTC] scan elapsed=7.0ms macro=BEAR
  TOP3: ['ETHUSDT', 'DOGEUSDT']
  scores: [42.2565, 41.5728]
  types: ['CORE', 'INDEPENDENT']
  full_ranking_count: 9
[2026-03-29 01:13:01 UTC] scan elapsed=6.2ms macro=BEAR
  TOP3: ['ETHUSDT', 'DOGEUSDT']
  scores: [38.2404, 41.2452]
  types: ['CORE', 'INDEPENDENT']
  full_ranking_count: 9
[2026-03-29 01:14:01 UTC] scan elapsed=7.2ms macro=BEAR
  TOP3: ['ETHUSDT', 'RIVERUSDT', 'DOGEUSDT']
  scores: [42.2362, 32.7549, 40.2598]
  types: ['CORE', 'HIGH_BETA', 'INDEPENDENT']
  full_ranking_count: 9
[2026-03-29 01:15:03 UTC] scan elapsed=5.9ms macro=BEAR
  TOP3: ['ETHUSDT', 'RIVERUSDT', 'DOGEUSDT']
  scores: [40.4487, 41.7383, 42.3274]
  types: ['CORE', 'HIGH_BETA', 'INDEPENDENT']
  full_ranking_count: 9
[2026-03-29 01:16:05 UTC] scan elapsed=5.8ms macro=BEAR
  TOP3: ['BTCUSDT', 'RIVERUSDT', 'DOGEUSDT']
  scores: [35.6951, 41.8804, 40.0071]
  types: ['CORE', 'HIGH_BETA', 'INDEPENDENT']
  full_ranking_count: 8
[2026-03-29 01:17:08 UTC] scan elapsed=7.4ms macro=BEAR
  TOP3: ['ETHUSDT', 'RIVERUSDT', 'DOGEUSDT']
  scores: [41.7183, 32.6138, 44.4832]
  types: ['CORE', 'HIGH_BETA', 'INDEPENDENT']
  full_ranking_count: 8
[2026-03-29 01:18:10 UTC] scan elapsed=6.5ms macro=BEAR
  TOP3: ['ETHUSDT', 'RIVERUSDT', 'DOGEUSDT']
  scores: [41.7183, 34.6504, 37.8026]
  types: ['CORE', 'HIGH_BETA', 'INDEPENDENT']
  full_ranking_count: 9
[2026-03-29 01:19:13 UTC] scan elapsed=6.0ms macro=BEAR
  TOP3: ['ETHUSDT', 'RIVERUSDT', 'DOGEUSDT']
  scores: [40.1123, 41.8375, 38.8479]
  types: ['CORE', 'HIGH_BETA', 'INDEPENDENT']
  full_ranking_count: 9
[2026-03-29 01:20:14 UTC] scan elapsed=7.0ms macro=BEAR
  TOP3: ['ETHUSDT', 'RIVERUSDT', 'DOGEUSDT']
  scores: [40.2018, 42.3525, 41.3195]
  types: ['CORE', 'HIGH_BETA', 'INDEPENDENT']
  full_ranking_count: 9
[2026-03-29 01:21:16 UTC] scan elapsed=6.5ms macro=NEUTRAL
  TOP3: ['ETHUSDT', 'DOGEUSDT']
  scores: [40.2018, 37.7959]
  types: ['CORE', 'INDEPENDENT']
  full_ranking_count: 9
[2026-03-29 01:22:17 UTC] scan elapsed=6.3ms macro=NEUTRAL
  TOP3: ['ETHUSDT', 'DOGEUSDT']
  scores: [36.0601, 39.8552]
  types: ['CORE', 'INDEPENDENT']
  full_ranking_count: 9
[2026-03-29 01:23:17 UTC] scan elapsed=6.5ms macro=NEUTRAL
  TOP3: ['ETHUSDT', 'DOGEUSDT']
  scores: [40.2018, 42.3987]
  types: ['CORE', 'INDEPENDENT']
  full_ranking_count: 9
[2026-03-29 01:24:22 UTC] scan elapsed=7.3ms macro=NEUTRAL
  TOP3: ['ETHUSDT', 'DOGEUSDT']
  scores: [36.0949, 41.0306]
  types: ['CORE', 'INDEPENDENT']
  full_ranking_count: 10
[2026-03-29 01:25:23 UTC] scan elapsed=6.9ms macro=NEUTRAL
  TOP3: ['ETHUSDT', 'HYPEUSDT']
  scores: [39.0869, 40.5061]
  types: ['CORE', 'INDEPENDENT']
  full_ranking_count: 9
[2026-03-29 01:26:25 UTC] scan elapsed=7.0ms macro=NEUTRAL
  TOP3: ['ETHUSDT', 'DOGEUSDT']
  scores: [39.1099, 42.2065]
  types: ['CORE', 'INDEPENDENT']
  full_ranking_count: 10
[2026-03-29 01:27:28 UTC] scan elapsed=7.2ms macro=NEUTRAL
  TOP3: ['ETHUSDT', 'DOGEUSDT']
  scores: [39.1099, 41.3671]
  types: ['CORE', 'INDEPENDENT']
  full_ranking_count: 10
[2026-03-29 01:28:29 UTC] scan elapsed=10.0ms macro=NEUTRAL
  TOP3: ['ETHUSDT', 'DOGEUSDT']
  scores: [39.1099, 44.8097]
  types: ['CORE', 'INDEPENDENT']
  full_ranking_count: 10
[2026-03-29 01:29:30 UTC] scan elapsed=7.0ms macro=NEUTRAL
  TOP3: ['ETHUSDT', 'DOGEUSDT']
  scores: [37.3358, 38.8138]
  types: ['CORE', 'INDEPENDENT']
  full_ranking_count: 10
[2026-03-29 01:30:32 UTC] scan elapsed=6.0ms macro=BEAR
  TOP3: ['BTCUSDT', 'RIVERUSDT', 'DOGEUSDT']
  scores: [32.4585, 32.9914, 39.7167]
  types: ['CORE', 'HIGH_BETA', 'INDEPENDENT']
  full_ranking_count: 10
[2026-03-29 01:31:35 UTC] scan elapsed=6.1ms macro=BEAR
  TOP3: ['ETHUSDT', 'RIVERUSDT', 'DOGEUSDT']
  scores: [35.5959, 37.3427, 39.6088]
  types: ['CORE', 'HIGH_BETA', 'INDEPENDENT']
  full_ranking_count: 10
[2026-03-29 01:32:35 UTC] scan elapsed=7.2ms macro=BEAR
  TOP3: ['ETHUSDT', 'RIVERUSDT', 'DOGEUSDT']
  scores: [37.2729, 40.6539, 40.9988]
  types: ['CORE', 'HIGH_BETA', 'INDEPENDENT']
  full_ranking_count: 10
[2026-03-29 01:33:37 UTC] scan elapsed=6.5ms macro=BEAR
  TOP3: ['ETHUSDT', 'RIVERUSDT', 'DOGEUSDT']
  scores: [35.1968, 38.2414, 39.8088]
  types: ['CORE', 'HIGH_BETA', 'INDEPENDENT']
  full_ranking_count: 10
[2026-03-29 01:34:38 UTC] scan elapsed=6.6ms macro=BEAR
  TOP3: ['ETHUSDT', 'RIVERUSDT']
  scores: [38.2872, 43.7212]
  types: ['CORE', 'INDEPENDENT']
  full_ranking_count: 10
[2026-03-29 01:35:41 UTC] scan elapsed=6.0ms macro=BEAR
  TOP3: ['ETHUSDT', 'RIVERUSDT']
  scores: [38.2852, 44.411]
  types: ['CORE', 'INDEPENDENT']
  full_ranking_count: 10
[2026-03-29 01:36:42 UTC] scan elapsed=7.0ms macro=BEAR
  TOP3: ['BTCUSDT', 'DOGEUSDT']
  scores: [33.2426, 42.7704]
  types: ['CORE', 'INDEPENDENT']
  full_ranking_count: 10
[2026-03-29 01:37:44 UTC] scan elapsed=7.9ms macro=BEAR
  TOP3: ['ETHUSDT', 'RIVERUSDT']
  scores: [38.2852, 41.216]
  types: ['CORE', 'INDEPENDENT']
  full_ranking_count: 10
[2026-03-29 01:38:45 UTC] scan elapsed=7.2ms macro=BEAR
  TOP3: ['ETHUSDT', 'RIVERUSDT', 'DOGEUSDT']
  scores: [38.2852, 44.4092, 37.2711]
  types: ['CORE', 'HIGH_BETA', 'INDEPENDENT']
  full_ranking_count: 10
[2026-03-29 01:39:46 UTC] scan elapsed=7.2ms macro=BEAR
  TOP3: ['BTCUSDT', 'RIVERUSDT', 'HYPEUSDT']
  scores: [36.8777, 41.8575, 40.3621]
  types: ['CORE', 'HIGH_BETA', 'INDEPENDENT']
  full_ranking_count: 9
[2026-03-29 01:40:48 UTC] scan elapsed=7.5ms macro=BEAR
  TOP3: ['BTCUSDT', 'RIVERUSDT', 'HYPEUSDT']
  scores: [36.9311, 42.5979, 40.4707]
  types: ['CORE', 'HIGH_BETA', 'INDEPENDENT']
  full_ranking_count: 10
[2026-03-29 01:41:48 UTC] scan elapsed=7.1ms macro=BEAR
  TOP3: ['BTCUSDT', 'RIVERUSDT', 'DOGEUSDT']
  scores: [36.9311, 42.6006, 44.0381]
  types: ['CORE', 'HIGH_BETA', 'INDEPENDENT']
  full_ranking_count: 9
[2026-03-29 01:42:50 UTC] scan elapsed=6.6ms macro=BEAR
  TOP3: ['BTCUSDT', 'RIVERUSDT', 'DOGEUSDT']
  scores: [36.9311, 37.7384, 39.2144]
  types: ['CORE', 'HIGH_BETA', 'INDEPENDENT']
  full_ranking_count: 9
[2026-03-29 01:43:50 UTC] scan elapsed=7.1ms macro=BEAR
  TOP3: ['ETHUSDT', 'RIVERUSDT']
  scores: [35.5702, 42.5976]
  types: ['CORE', 'INDEPENDENT']
  full_ranking_count: 9
[2026-03-29 01:44:53 UTC] scan elapsed=9.3ms macro=BEAR
  TOP3: ['ETHUSDT', 'DOGEUSDT']
  scores: [35.5302, 41.3832]
  types: ['CORE', 'INDEPENDENT']
  full_ranking_count: 9
[2026-03-29 01:45:56 UTC] scan elapsed=7.0ms macro=BEAR
  TOP3: ['ETHUSDT', 'RIVERUSDT']
  scores: [29.5902, 39.9309]
  types: ['CORE', 'INDEPENDENT']
  full_ranking_count: 9
[2026-03-29 01:46:57 UTC] scan elapsed=7.4ms macro=BEAR
  TOP3: ['ETHUSDT', 'DOGEUSDT']
  scores: [35.6562, 42.9399]
  types: ['CORE', 'INDEPENDENT']
  full_ranking_count: 9
[2026-03-29 01:47:58 UTC] scan elapsed=7.0ms macro=BEAR
  TOP3: ['ETHUSDT', 'HYPEUSDT']
  scores: [35.6562, 37.9983]
  types: ['CORE', 'INDEPENDENT']
  full_ranking_count: 10
[2026-03-29 01:49:01 UTC] scan elapsed=7.0ms macro=BEAR
  TOP3: ['BTCUSDT', 'SOLUSDT', 'RIVERUSDT']
  scores: [35.1842, 33.7474, 39.9289]
  types: ['CORE', 'HIGH_BETA', 'INDEPENDENT']
  full_ranking_count: 10
[2026-03-29 01:50:02 UTC] scan elapsed=7.0ms macro=BEAR
  TOP3: ['ETHUSDT', 'SOLUSDT', 'RIVERUSDT']
  scores: [31.6602, 29.8296, 39.7378]
  types: ['CORE', 'HIGH_BETA', 'INDEPENDENT']
  full_ranking_count: 9
[2026-03-29 01:51:03 UTC] scan elapsed=6.0ms macro=BEAR
  TOP3: ['ETHUSDT', 'SOLUSDT', 'RIVERUSDT']
  scores: [35.9939, 29.8842, 40.0429]
  types: ['CORE', 'HIGH_BETA', 'INDEPENDENT']
  full_ranking_count: 10
[2026-03-29 01:52:04 UTC] scan elapsed=7.0ms macro=BEAR
  TOP3: ['ETHUSDT', 'SOLUSDT', 'HYPEUSDT']
  scores: [35.9939, 29.3698, 38.4784]
  types: ['CORE', 'HIGH_BETA', 'INDEPENDENT']
  full_ranking_count: 10
[2026-03-29 01:53:04 UTC] scan elapsed=6.0ms macro=BEAR
  TOP3: ['ETHUSDT', 'SOLUSDT', 'DOGEUSDT']
  scores: [35.9939, 30.4402, 38.7271]
  types: ['CORE', 'HIGH_BETA', 'INDEPENDENT']
  full_ranking_count: 9
[2026-03-29 01:54:06 UTC] scan elapsed=6.5ms macro=BEAR
  TOP3: ['BTCUSDT', 'RIVERUSDT']
  scores: [32.4397, 40.0491]
  types: ['CORE', 'INDEPENDENT']
  full_ranking_count: 10
[2026-03-29 01:55:11 UTC] scan elapsed=8.2ms macro=BEAR
  TOP3: ['ETHUSDT', 'RIVERUSDT']
  scores: [33.6888, 41.3515]
  types: ['CORE', 'INDEPENDENT']
  full_ranking_count: 10
[2026-03-29 01:56:12 UTC] scan elapsed=6.0ms macro=BEAR
  TOP3: ['ETHUSDT', 'RIVERUSDT']
  scores: [33.6889, 41.3485]
  types: ['CORE', 'INDEPENDENT']
  full_ranking_count: 10
[2026-03-29 01:57:13 UTC] scan elapsed=7.0ms macro=BEAR
  TOP3: ['ETHUSDT', 'RIVERUSDT']
  scores: [33.6889, 41.361]
  types: ['CORE', 'INDEPENDENT']
  full_ranking_count: 10
[2026-03-29 01:58:13 UTC] scan elapsed=7.4ms macro=BEAR
  TOP3: ['BTCUSDT', 'RIVERUSDT']
  scores: [32.4584, 41.3273]
  types: ['CORE', 'INDEPENDENT']
  full_ranking_count: 9
[2026-03-29 01:59:15 UTC] scan elapsed=8.0ms macro=BEAR
  TOP3: ['ETHUSDT', 'DOGEUSDT']
  scores: [28.6108, 42.65]
  types: ['CORE', 'INDEPENDENT']
  full_ranking_count: 10
[2026-03-29 02:00:17 UTC] scan elapsed=7.0ms macro=BEAR
  TOP3: ['ETHUSDT', 'RIVERUSDT']
  scores: [33.2448, 39.2927]
  types: ['CORE', 'INDEPENDENT']
  full_ranking_count: 10
[2026-03-29 02:01:19 UTC] scan elapsed=11.4ms macro=BEAR
  TOP3: ['ETHUSDT', 'DOGEUSDT']
  scores: [32.9429, 39.4715]
  types: ['CORE', 'INDEPENDENT']
  full_ranking_count: 10
[2026-03-29 02:02:21 UTC] scan elapsed=7.0ms macro=BEAR
  TOP3: ['ETHUSDT', 'RIVERUSDT']
  scores: [32.9429, 40.5348]
  types: ['CORE', 'INDEPENDENT']
  full_ranking_count: 9
[2026-03-29 02:03:22 UTC] scan elapsed=7.0ms macro=BEAR
  TOP3: ['ETHUSDT', 'DOGEUSDT']
  scores: [32.9429, 36.1343]
  types: ['CORE', 'INDEPENDENT']
  full_ranking_count: 10
[2026-03-29 02:04:23 UTC] scan elapsed=6.0ms macro=NEUTRAL
  TOP3: ['ETHUSDT', 'DOGEUSDT']
  scores: [32.4665, 39.8837]
  types: ['CORE', 'INDEPENDENT']
  full_ranking_count: 9
[2026-03-29 02:05:24 UTC] scan elapsed=7.0ms macro=NEUTRAL
  TOP3: ['ETHUSDT', 'DOGEUSDT']
  scores: [32.4665, 39.0043]
  types: ['CORE', 'INDEPENDENT']
  full_ranking_count: 9
[2026-03-29 02:06:24 UTC] scan elapsed=6.9ms macro=NEUTRAL
  TOP3: ['BTCUSDT', 'DOGEUSDT']
  scores: [31.4319, 37.3514]
  types: ['CORE', 'INDEPENDENT']
  full_ranking_count: 9
[2026-03-29 02:07:26 UTC] scan elapsed=7.0ms macro=NEUTRAL
  TOP3: ['BTCUSDT', 'DOGEUSDT']
  scores: [31.4319, 38.9243]
  types: ['CORE', 'INDEPENDENT']
  full_ranking_count: 10
[2026-03-29 02:08:27 UTC] scan elapsed=7.0ms macro=NEUTRAL
  TOP3: ['ETHUSDT', 'DOGEUSDT']
  scores: [32.4025, 35.8241]
  types: ['CORE', 'INDEPENDENT']
  full_ranking_count: 10
[2026-03-29 02:09:29 UTC] scan elapsed=6.3ms macro=NEUTRAL
  TOP3: ['BTCUSDT', 'DOGEUSDT']
  scores: [30.3066, 39.3815]
  types: ['CORE', 'INDEPENDENT']
  full_ranking_count: 8
[2026-03-29 02:10:30 UTC] scan elapsed=7.0ms macro=NEUTRAL
  TOP3: ['BTCUSDT', 'DOGEUSDT']
  scores: [30.4243, 37.0338]
  types: ['CORE', 'INDEPENDENT']
  full_ranking_count: 9
[2026-03-29 02:11:32 UTC] scan elapsed=6.2ms macro=NEUTRAL
  TOP3: ['BTCUSDT', 'DOGEUSDT']
  scores: [30.4243, 40.2985]
  types: ['CORE', 'INDEPENDENT']
  full_ranking_count: 7
[2026-03-29 02:12:33 UTC] scan elapsed=6.6ms macro=NEUTRAL
  TOP3: ['ETHUSDT', 'DOGEUSDT']
  scores: [31.8297, 37.116]
  types: ['CORE', 'INDEPENDENT']
  full_ranking_count: 7
[2026-03-29 02:13:34 UTC] scan elapsed=7.0ms macro=NEUTRAL
  TOP3: ['BTCUSDT', 'DOGEUSDT']
  scores: [28.3765, 40.1407]
  types: ['CORE', 'INDEPENDENT']
  full_ranking_count: 9
[2026-03-29 02:14:40 UTC] scan elapsed=7.0ms macro=NEUTRAL
  TOP3: ['ETHUSDT', 'RIVERUSDT']
  scores: [34.3484, 38.8081]
  types: ['CORE', 'INDEPENDENT']
  full_ranking_count: 8
[2026-03-29 02:15:43 UTC] scan elapsed=6.6ms macro=NEUTRAL
  TOP3: ['ETHUSDT', 'RIVERUSDT']
  scores: [34.525, 38.6782]
  types: ['CORE', 'INDEPENDENT']
  full_ranking_count: 10
[2026-03-29 02:16:45 UTC] scan elapsed=7.0ms macro=NEUTRAL
  TOP3: ['ETHUSDT', 'TAOUSDT']
  scores: [28.239, 38.0572]
  types: ['CORE', 'INDEPENDENT']
  full_ranking_count: 7
[2026-03-29 02:17:45 UTC] scan elapsed=7.0ms macro=NEUTRAL
  TOP3: ['ETHUSDT', 'DOGEUSDT']
  scores: [34.525, 38.9212]
  types: ['CORE', 'INDEPENDENT']
  full_ranking_count: 8
[2026-03-29 02:18:46 UTC] scan elapsed=6.3ms macro=NEUTRAL
  TOP3: ['ETHUSDT', 'DOGEUSDT']
  scores: [34.5249, 38.4394]
  types: ['CORE', 'INDEPENDENT']
  full_ranking_count: 8
[2026-03-29 02:19:46 UTC] scan elapsed=8.0ms macro=NEUTRAL
  TOP3: ['ETHUSDT', 'DOGEUSDT']
  scores: [31.4816, 40.1377]
  types: ['CORE', 'INDEPENDENT']
  full_ranking_count: 7
[2026-03-29 02:20:48 UTC] scan elapsed=7.6ms macro=NEUTRAL
  TOP3: ['ETHUSDT', 'DOGEUSDT']
  scores: [31.3123, 39.8376]
  types: ['CORE', 'INDEPENDENT']
  full_ranking_count: 8
[2026-03-29 02:21:51 UTC] scan elapsed=11.0ms macro=NEUTRAL
  TOP3: ['BTCUSDT', 'HYPEUSDT']
  scores: [29.7837, 37.0356]
  types: ['CORE', 'INDEPENDENT']
  full_ranking_count: 9
[2026-03-29 02:22:52 UTC] scan elapsed=6.0ms macro=NEUTRAL
  TOP3: ['ETHUSDT', 'HYPEUSDT']
  scores: [31.3123, 37.0357]
  types: ['CORE', 'INDEPENDENT']
  full_ranking_count: 8
[2026-03-29 02:23:54 UTC] scan elapsed=7.7ms macro=NEUTRAL
  TOP3: ['ETHUSDT', 'HYPEUSDT']
  scores: [29.8529, 37.0149]
  types: ['CORE', 'INDEPENDENT']
  full_ranking_count: 9
[2026-03-29 02:24:55 UTC] scan elapsed=9.4ms macro=NEUTRAL
  TOP3: ['ETHUSDT', 'HYPEUSDT']
  scores: [29.9588, 36.0076]
  types: ['CORE', 'INDEPENDENT']
  full_ranking_count: 8
[2026-03-29 02:25:59 UTC] scan elapsed=7.0ms macro=NEUTRAL
  TOP3: ['BTCUSDT', 'HYPEUSDT']
  scores: [30.6696, 35.8754]
  types: ['CORE', 'INDEPENDENT']
  full_ranking_count: 7
[2026-03-29 02:27:00 UTC] scan elapsed=7.1ms macro=NEUTRAL
  TOP3: ['BTCUSDT', 'HYPEUSDT']
  scores: [30.6696, 35.8753]
  types: ['CORE', 'INDEPENDENT']
  full_ranking_count: 8
[2026-03-29 02:28:02 UTC] scan elapsed=7.0ms macro=NEUTRAL
  TOP3: ['ETHUSDT', 'TAOUSDT']
  scores: [29.9505, 34.7843]
  types: ['CORE', 'INDEPENDENT']
  full_ranking_count: 9
[2026-03-29 02:29:03 UTC] scan elapsed=6.9ms macro=NEUTRAL
  TOP3: ['BTCUSDT', 'HYPEUSDT']
  scores: [29.4447, 35.8753]
  types: ['CORE', 'INDEPENDENT']
  full_ranking_count: 9
[2026-03-29 02:30:05 UTC] scan elapsed=6.0ms macro=NEUTRAL
  TOP3: ['BTCUSDT', 'HYPEUSDT']
  scores: [29.4447, 36.9587]
  types: ['CORE', 'INDEPENDENT']
  full_ranking_count: 8
[2026-03-29 02:31:07 UTC] scan elapsed=6.5ms macro=NEUTRAL
  TOP3: ['ETHUSDT', 'HYPEUSDT']
  scores: [30.537, 36.9141]
  types: ['CORE', 'INDEPENDENT']
  full_ranking_count: 8
[2026-03-29 02:32:08 UTC] scan elapsed=7.2ms macro=NEUTRAL
  TOP3: ['ETHUSDT', 'DOGEUSDT']
  scores: [29.6212, 33.5893]
  types: ['CORE', 'INDEPENDENT']
  full_ranking_count: 8
[2026-03-29 02:33:10 UTC] scan elapsed=6.0ms macro=NEUTRAL
  TOP3: ['ETHUSDT', 'HYPEUSDT']
  scores: [30.537, 36.6771]
  types: ['CORE', 'INDEPENDENT']
  full_ranking_count: 9
[2026-03-29 02:34:11 UTC] scan elapsed=7.0ms macro=NEUTRAL
  TOP3: ['ETHUSDT', 'DOGEUSDT']
  scores: [30.537, 35.653]
  types: ['CORE', 'INDEPENDENT']
  full_ranking_count: 9
[2026-03-29 02:35:12 UTC] scan elapsed=7.0ms macro=NEUTRAL
  TOP3: ['ETHUSDT', 'DOGEUSDT']
  scores: [31.7985, 36.8518]
  types: ['CORE', 'INDEPENDENT']
  full_ranking_count: 8
[2026-03-29 02:36:15 UTC] scan elapsed=6.3ms macro=NEUTRAL
  TOP3: ['ETHUSDT', 'DOGEUSDT']
  scores: [29.7133, 34.9082]
  types: ['CORE', 'INDEPENDENT']
  full_ranking_count: 9
[2026-03-29 02:37:19 UTC] scan elapsed=14.5ms macro=NEUTRAL
  TOP3: ['ETHUSDT', 'DOGEUSDT']
  scores: [32.1992, 36.8606]
  types: ['CORE', 'INDEPENDENT']
  full_ranking_count: 9
[2026-03-29 02:38:20 UTC] scan elapsed=6.8ms macro=NEUTRAL
  TOP3: ['ETHUSDT', 'DOGEUSDT']
  scores: [32.1993, 36.1677]
  types: ['CORE', 'INDEPENDENT']
  full_ranking_count: 10
[2026-03-29 02:39:23 UTC] scan elapsed=7.1ms macro=NEUTRAL
  TOP3: ['ETHUSDT', 'HYPEUSDT']
  scores: [31.1506, 31.5755]
  types: ['CORE', 'INDEPENDENT']
  full_ranking_count: 9
[2026-03-29 02:40:23 UTC] scan elapsed=6.0ms macro=NEUTRAL
  TOP3: ['ETHUSDT', 'TAOUSDT']
  scores: [30.7226, 28.4791]
  types: ['CORE', 'INDEPENDENT']
  full_ranking_count: 8
[2026-03-29 02:41:24 UTC] scan elapsed=7.4ms macro=BULL
  TOP3: ['ETHUSDT', 'DOGEUSDT', 'RIVERUSDT']
  scores: [30.7227, 38.0206, 34.7419]
  types: ['CORE', 'HIGH_BETA', 'HIGH_BETA']
  full_ranking_count: 9
[2026-03-29 02:42:28 UTC] scan elapsed=8.0ms macro=BULL
  TOP3: ['ETHUSDT', 'DOGEUSDT', 'RIVERUSDT']
  scores: [30.7227, 38.8354, 38.0075]
  types: ['CORE', 'HIGH_BETA', 'HIGH_BETA']
  full_ranking_count: 7
[2026-03-29 02:43:29 UTC] scan elapsed=7.0ms macro=BULL
  TOP3: ['ETHUSDT', 'DOGEUSDT', 'RIVERUSDT']
  scores: [30.4197, 40.6884, 35.1968]
  types: ['CORE', 'HIGH_BETA', 'HIGH_BETA']
  full_ranking_count: 8
[2026-03-29 02:44:34 UTC] scan elapsed=6.0ms macro=NEUTRAL
  TOP3: ['DOGEUSDT']
  scores: [42.9205]
  types: ['INDEPENDENT']
  full_ranking_count: 6
[2026-03-29 02:45:34 UTC] scan elapsed=7.0ms macro=NEUTRAL
  TOP3: ['BTCUSDT', 'DOGEUSDT']
  scores: [31.0122, 37.337]
  types: ['CORE', 'INDEPENDENT']
  full_ranking_count: 7
[2026-03-29 02:46:35 UTC] scan elapsed=6.0ms macro=NEUTRAL
  TOP3: ['BTCUSDT', 'RIVERUSDT']
  scores: [31.0122, 42.7529]
  types: ['CORE', 'INDEPENDENT']
  full_ranking_count: 4
[2026-03-29 02:47:36 UTC] scan elapsed=7.0ms macro=NEUTRAL
  TOP3: ['BTCUSDT', 'RIVERUSDT']
  scores: [31.0122, 41.4368]
  types: ['CORE', 'INDEPENDENT']
  full_ranking_count: 8
[2026-03-29 02:48:37 UTC] scan elapsed=6.0ms macro=NEUTRAL
  TOP3: ['ETHUSDT', 'RIVERUSDT']
  scores: [29.7093, 38.9866]
  types: ['CORE', 'INDEPENDENT']
  full_ranking_count: 7
[2026-03-29 02:49:38 UTC] scan elapsed=6.4ms macro=NEUTRAL
  TOP3: ['BTCUSDT', 'DOGEUSDT']
  scores: [29.5881, 39.0888]
  types: ['CORE', 'INDEPENDENT']
  full_ranking_count: 8
[2026-03-29 02:50:41 UTC] scan elapsed=7.1ms macro=BULL
  TOP3: ['BTCUSDT', 'DOGEUSDT', 'HYPEUSDT']
  scores: [27.9975, 33.452, 31.2576]
  types: ['CORE', 'INDEPENDENT', 'INDEPENDENT']
  full_ranking_count: 6
[2026-03-29 02:51:42 UTC] scan elapsed=7.0ms macro=BULL
  TOP3: ['BTCUSDT', 'TAOUSDT', 'DOGEUSDT']
  scores: [29.7069, 36.2071, 34.7039]
  types: ['CORE', 'INDEPENDENT', 'INDEPENDENT']
  full_ranking_count: 8
[2026-03-29 02:52:43 UTC] scan elapsed=6.6ms macro=BULL
  TOP3: ['BTCUSDT', 'RIVERUSDT', 'TAOUSDT']
  scores: [29.4201, 29.0509, 36.2069]
  types: ['CORE', 'HIGH_BETA', 'INDEPENDENT']
  full_ranking_count: 8
[2026-03-29 02:53:43 UTC] scan elapsed=6.0ms macro=BULL
  TOP3: ['ETHUSDT', 'RIVERUSDT', 'TAOUSDT']
  scores: [27.6559, 33.9435, 36.2068]
  types: ['CORE', 'HIGH_BETA', 'INDEPENDENT']
  full_ranking_count: 8
[2026-03-29 02:54:45 UTC] scan elapsed=6.0ms macro=BULL
  TOP3: ['BTCUSDT', 'TAOUSDT', 'HYPEUSDT']
  scores: [30.3962, 36.2069, 31.2576]
  types: ['CORE', 'HIGH_BETA', 'HIGH_BETA']
  full_ranking_count: 8
[2026-03-29 02:55:47 UTC] scan elapsed=7.1ms macro=NEUTRAL
  TOP3: ['BTCUSDT', 'RIVERUSDT']
  scores: [34.9088, 41.526]
  types: ['CORE', 'INDEPENDENT']
  full_ranking_count: 8
[2026-03-29 02:56:49 UTC] scan elapsed=6.0ms macro=NEUTRAL
  TOP3: ['BTCUSDT', 'RIVERUSDT']
  scores: [34.9088, 41.5286]
  types: ['CORE', 'INDEPENDENT']
  full_ranking_count: 9
[2026-03-29 02:57:50 UTC] scan elapsed=6.6ms macro=NEUTRAL
  TOP3: ['BTCUSDT', 'RIVERUSDT']
  scores: [34.9088, 35.0828]
  types: ['CORE', 'INDEPENDENT']
  full_ranking_count: 8
[2026-03-29 02:58:51 UTC] scan elapsed=7.0ms macro=NEUTRAL
  TOP3: ['BTCUSDT', 'RIVERUSDT']
  scores: [32.2122, 40.268]
  types: ['CORE', 'INDEPENDENT']
  full_ranking_count: 8
[2026-03-29 02:59:54 UTC] scan elapsed=7.2ms macro=NEUTRAL
  TOP3: ['BTCUSDT', 'DOGEUSDT']
  scores: [28.4568, 37.0617]
  types: ['CORE', 'INDEPENDENT']
  full_ranking_count: 7
[2026-03-29 03:00:54 UTC] scan elapsed=7.0ms macro=NEUTRAL
  TOP3: ['BTCUSDT', 'RIVERUSDT']
  scores: [33.3869, 39.4904]
  types: ['CORE', 'INDEPENDENT']
  full_ranking_count: 8
[2026-03-29 03:01:56 UTC] scan elapsed=7.2ms macro=NEUTRAL
  TOP3: ['BTCUSDT', 'RIVERUSDT']
  scores: [31.4325, 35.5922]
  types: ['CORE', 'INDEPENDENT']
  full_ranking_count: 9
[2026-03-29 03:02:57 UTC] scan elapsed=7.4ms macro=NEUTRAL
  TOP3: ['BTCUSDT', 'RIVERUSDT']
  scores: [33.3869, 41.6956]
  types: ['CORE', 'INDEPENDENT']
  full_ranking_count: 9
[2026-03-29 03:03:58 UTC] scan elapsed=6.0ms macro=NEUTRAL
  TOP3: ['BTCUSDT', 'RIVERUSDT']
  scores: [33.3869, 41.6955]
  types: ['CORE', 'INDEPENDENT']
  full_ranking_count: 8
[2026-03-29 03:05:02 UTC] scan elapsed=7.0ms macro=NEUTRAL
  TOP3: ['BTCUSDT', 'RIVERUSDT']
  scores: [35.4375, 40.1745]
  types: ['CORE', 'INDEPENDENT']
  full_ranking_count: 8
[2026-03-29 03:06:05 UTC] scan elapsed=6.3ms macro=BULL
  TOP3: ['BTCUSDT', 'TAOUSDT', 'XAUTUSDT']
  scores: [35.4518, 30.3712, 25.9123]
  types: ['CORE', 'HIGH_BETA', 'HIGH_BETA']
  full_ranking_count: 6
[2026-03-29 03:07:06 UTC] scan elapsed=7.3ms macro=BULL
  TOP3: ['BTCUSDT', 'TAOUSDT', 'XAUTUSDT']
  scores: [35.4518, 30.3714, 25.9123]
  types: ['CORE', 'HIGH_BETA', 'HIGH_BETA']
  full_ranking_count: 8
[2026-03-29 03:08:07 UTC] scan elapsed=7.0ms macro=BULL
  TOP3: ['BTCUSDT', 'TAOUSDT', 'XAUTUSDT']
  scores: [35.4518, 30.3713, 25.9123]
  types: ['CORE', 'HIGH_BETA', 'HIGH_BETA']
  full_ranking_count: 8
[2026-03-29 03:09:08 UTC] scan elapsed=7.2ms macro=BULL
  TOP3: ['BTCUSDT', 'TAOUSDT', 'SOLUSDT']
  scores: [35.4518, 27.8262, 26.5297]
  types: ['CORE', 'HIGH_BETA', 'HIGH_BETA']
  full_ranking_count: 9
[2026-03-29 03:10:11 UTC] scan elapsed=7.1ms macro=BULL
  TOP3: ['BTCUSDT', 'DOGEUSDT', 'HYPEUSDT']
  scores: [36.6328, 39.2114, 36.3307]
  types: ['CORE', 'INDEPENDENT', 'INDEPENDENT']
  full_ranking_count: 8
[2026-03-29 03:11:12 UTC] scan elapsed=6.4ms macro=BULL
  TOP3: ['BTCUSDT', 'RIVERUSDT', 'DOGEUSDT']
  scores: [36.7412, 31.8623, 37.6077]
  types: ['CORE', 'HIGH_BETA', 'INDEPENDENT']
  full_ranking_count: 8
[2026-03-29 03:12:13 UTC] scan elapsed=6.5ms macro=BULL
  TOP3: ['BTCUSDT', 'RIVERUSDT', 'DOGEUSDT']
  scores: [36.7412, 31.856, 38.9801]
  types: ['CORE', 'HIGH_BETA', 'INDEPENDENT']
  full_ranking_count: 8
[2026-03-29 03:13:14 UTC] scan elapsed=6.7ms macro=BULL
  TOP3: ['BTCUSDT', 'RIVERUSDT', 'DOGEUSDT']
  scores: [36.7412, 31.8527, 43.703]
  types: ['CORE', 'HIGH_BETA', 'INDEPENDENT']
  full_ranking_count: 9
[2026-03-29 03:14:15 UTC] scan elapsed=6.2ms macro=BULL
  TOP3: ['BTCUSDT', 'RIVERUSDT', 'HYPEUSDT']
  scores: [36.7412, 25.6916, 36.3399]
  types: ['CORE', 'HIGH_BETA', 'INDEPENDENT']
  full_ranking_count: 9
[2026-03-29 03:15:17 UTC] scan elapsed=6.5ms macro=BULL
  TOP3: ['BTCUSDT', 'DOGEUSDT', 'RIVERUSDT']
  scores: [34.9562, 36.8455, 35.0735]
  types: ['CORE', 'HIGH_BETA', 'HIGH_BETA']
  full_ranking_count: 8
[2026-03-29 03:16:19 UTC] scan elapsed=6.9ms macro=BULL
  TOP3: ['BTCUSDT', 'DOGEUSDT', 'RIVERUSDT']
  scores: [35.1044, 40.315, 34.5305]
  types: ['CORE', 'HIGH_BETA', 'HIGH_BETA']
  full_ranking_count: 9
[2026-03-29 03:17:21 UTC] scan elapsed=6.0ms macro=BULL
  TOP3: ['BTCUSDT', 'DOGEUSDT', 'RIVERUSDT']
  scores: [35.1044, 38.4872, 38.0141]
  types: ['CORE', 'HIGH_BETA', 'HIGH_BETA']
  full_ranking_count: 7
[2026-03-29 03:18:22 UTC] scan elapsed=6.4ms macro=BULL
  TOP3: ['BTCUSDT', 'DOGEUSDT', 'RIVERUSDT']
  scores: [35.1044, 37.8813, 34.2851]
  types: ['CORE', 'HIGH_BETA', 'HIGH_BETA']
  full_ranking_count: 9
[2026-03-29 03:19:24 UTC] scan elapsed=7.0ms macro=BULL
  TOP3: ['BTCUSDT', 'DOGEUSDT', 'RIVERUSDT']
  scores: [45.2751, 38.0289, 38.0145]
  types: ['CORE', 'INDEPENDENT', 'INDEPENDENT']
  full_ranking_count: 8
[2026-03-29 03:20:25 UTC] scan elapsed=7.0ms macro=NEUTRAL
  TOP3: ['BTCUSDT', 'HYPEUSDT']
  scores: [41.6563, 43.9018]
  types: ['CORE', 'INDEPENDENT']
  full_ranking_count: 10
[2026-03-29 03:21:27 UTC] scan elapsed=7.4ms macro=NEUTRAL
  TOP3: ['BTCUSDT', 'SOLUSDT']
  scores: [45.3496, 40.2111]
  types: ['CORE', 'INDEPENDENT']
  full_ranking_count: 10
[2026-03-29 03:22:28 UTC] scan elapsed=8.0ms macro=NEUTRAL
  TOP3: ['BTCUSDT', 'HYPEUSDT']
  scores: [45.3496, 43.4351]
  types: ['CORE', 'INDEPENDENT']
  full_ranking_count: 10
[2026-03-29 03:23:29 UTC] scan elapsed=6.7ms macro=NEUTRAL
  TOP3: ['BTCUSDT', 'HYPEUSDT']
  scores: [45.3496, 43.7724]
  types: ['CORE', 'INDEPENDENT']
  full_ranking_count: 10
[2026-03-29 03:24:31 UTC] scan elapsed=6.0ms macro=NEUTRAL
  TOP3: ['BTCUSDT', 'TAOUSDT']
  scores: [42.3601, 42.762]
  types: ['CORE', 'INDEPENDENT']
  full_ranking_count: 10
[2026-03-29 03:25:31 UTC] scan elapsed=6.0ms macro=BULL
  TOP3: ['BTCUSDT', 'TAOUSDT', 'SOLUSDT']
  scores: [42.1182, 42.6866, 40.9611]
  types: ['CORE', 'INDEPENDENT', 'INDEPENDENT']
  full_ranking_count: 10
[2026-03-29 03:26:32 UTC] scan elapsed=8.0ms macro=BULL
  TOP3: ['BTCUSDT', 'HYPEUSDT', 'TAOUSDT']
  scores: [42.1182, 43.3255, 42.6871]
  types: ['CORE', 'INDEPENDENT', 'INDEPENDENT']
  full_ranking_count: 10
[2026-03-29 03:27:34 UTC] scan elapsed=7.0ms macro=BULL
  TOP3: ['BTCUSDT', 'HYPEUSDT', 'TAOUSDT']
  scores: [42.1182, 43.3253, 42.6867]
  types: ['CORE', 'INDEPENDENT', 'INDEPENDENT']
  full_ranking_count: 10
[2026-03-29 03:28:35 UTC] scan elapsed=8.9ms macro=BULL
  TOP3: ['BTCUSDT', 'TAOUSDT', 'HYPEUSDT']
  scores: [42.1182, 42.6868, 39.7499]
  types: ['CORE', 'INDEPENDENT', 'INDEPENDENT']
  full_ranking_count: 10
[2026-03-29 03:29:38 UTC] scan elapsed=6.0ms macro=BULL
  TOP3: ['BTCUSDT', 'HYPEUSDT', 'TAOUSDT']
  scores: [41.8532, 43.325, 42.6869]
  types: ['CORE', 'HIGH_BETA', 'HIGH_BETA']
  full_ranking_count: 10
[2026-03-29 03:30:38 UTC] scan elapsed=7.0ms macro=NEUTRAL
  TOP3: ['BTCUSDT', 'XAUTUSDT']
  scores: [42.2838, 31.3839]
  types: ['CORE', 'INDEPENDENT']
  full_ranking_count: 10
[2026-03-29 03:31:39 UTC] scan elapsed=6.0ms macro=NEUTRAL
  TOP3: ['BTCUSDT', 'XAUTUSDT']
  scores: [42.2838, 31.3839]
  types: ['CORE', 'INDEPENDENT']
  full_ranking_count: 10
[2026-03-29 03:32:41 UTC] scan elapsed=6.8ms macro=NEUTRAL
  TOP3: ['BTCUSDT', 'XAUTUSDT']
  scores: [40.1421, 31.3839]
  types: ['CORE', 'INDEPENDENT']
  full_ranking_count: 10
[2026-03-29 03:33:41 UTC] scan elapsed=7.0ms macro=NEUTRAL
  TOP3: ['ETHUSDT', 'RIVERUSDT']
  scores: [36.9033, 39.5499]
  types: ['CORE', 'INDEPENDENT']
  full_ranking_count: 10
[2026-03-29 03:34:44 UTC] scan elapsed=6.0ms macro=NEUTRAL
  TOP3: ['ETHUSDT', 'HYPEUSDT']
  scores: [36.2604, 36.5129]
  types: ['CORE', 'INDEPENDENT']
  full_ranking_count: 10
[2026-03-29 03:35:47 UTC] scan elapsed=7.0ms macro=NEUTRAL
  TOP3: ['BTCUSDT', 'TAOUSDT']
  scores: [40.2777, 41.0424]
  types: ['CORE', 'INDEPENDENT']
  full_ranking_count: 10
[2026-03-29 03:36:48 UTC] scan elapsed=6.6ms macro=NEUTRAL
  TOP3: ['BTCUSDT', 'TAOUSDT']
  scores: [40.2778, 41.0426]
  types: ['CORE', 'INDEPENDENT']
  full_ranking_count: 9
[2026-03-29 03:37:49 UTC] scan elapsed=6.6ms macro=NEUTRAL
  TOP3: ['BTCUSDT', 'DOGEUSDT']
  scores: [40.2778, 35.9315]
  types: ['CORE', 'INDEPENDENT']
  full_ranking_count: 9
[2026-03-29 03:38:50 UTC] scan elapsed=9.6ms macro=NEUTRAL
  TOP3: ['BTCUSDT', 'TAOUSDT']
  scores: [40.2778, 36.1568]
  types: ['CORE', 'INDEPENDENT']
  full_ranking_count: 9
[2026-03-29 03:39:53 UTC] scan elapsed=7.2ms macro=NEUTRAL
  TOP3: ['BTCUSDT', 'TAOUSDT']
  scores: [40.5019, 41.0421]
  types: ['CORE', 'INDEPENDENT']
  full_ranking_count: 9
[2026-03-29 03:40:56 UTC] scan elapsed=6.0ms macro=BULL
  TOP3: ['BTCUSDT', 'RIVERUSDT', 'TAOUSDT']
  scores: [40.4004, 35.9511, 42.0376]
  types: ['CORE', 'HIGH_BETA', 'INDEPENDENT']
  full_ranking_count: 10
[2026-03-29 03:41:56 UTC] scan elapsed=7.0ms macro=BULL
  TOP3: ['BTCUSDT', 'RIVERUSDT', 'TAOUSDT']
  scores: [40.4003, 34.9339, 42.0379]
  types: ['CORE', 'HIGH_BETA', 'INDEPENDENT']
  full_ranking_count: 10
[2026-03-29 03:42:58 UTC] scan elapsed=7.0ms macro=BULL
  TOP3: ['BTCUSDT', 'RIVERUSDT', 'TAOUSDT']
  scores: [40.4003, 34.797, 42.0378]
  types: ['CORE', 'HIGH_BETA', 'INDEPENDENT']
  full_ranking_count: 10
[2026-03-29 03:43:59 UTC] scan elapsed=7.0ms macro=BULL
  TOP3: ['BTCUSDT', 'RIVERUSDT', 'TAOUSDT']
  scores: [40.4003, 28.1993, 41.2629]
  types: ['CORE', 'HIGH_BETA', 'INDEPENDENT']
  full_ranking_count: 10
[2026-03-29 03:45:00 UTC] scan elapsed=7.0ms macro=BULL
  TOP3: ['BTCUSDT', 'HYPEUSDT', 'RIVERUSDT']
  scores: [38.4917, 38.2451, 35.9486]
  types: ['CORE', 'HIGH_BETA', 'HIGH_BETA']
  full_ranking_count: 10
[2026-03-29 03:46:01 UTC] scan elapsed=6.2ms macro=NEUTRAL
  TOP3: ['BTCUSDT', 'TAOUSDT']
  scores: [38.4506, 38.1835]
  types: ['CORE', 'INDEPENDENT']
  full_ranking_count: 10
[2026-03-29 03:47:02 UTC] scan elapsed=6.2ms macro=NEUTRAL
  TOP3: ['BTCUSDT', 'TAOUSDT']
  scores: [38.4506, 38.1835]
  types: ['CORE', 'INDEPENDENT']
  full_ranking_count: 9
[2026-03-29 03:48:04 UTC] scan elapsed=6.6ms macro=NEUTRAL
  TOP3: ['BTCUSDT', 'TAOUSDT']
  scores: [34.7331, 38.1833]
  types: ['CORE', 'INDEPENDENT']
  full_ranking_count: 9
[2026-03-29 03:49:05 UTC] scan elapsed=7.2ms macro=NEUTRAL
  TOP3: ['BTCUSDT', 'TAOUSDT']
  scores: [38.4506, 38.1841]
  types: ['CORE', 'INDEPENDENT']
  full_ranking_count: 9
[2026-03-29 03:50:07 UTC] scan elapsed=6.0ms macro=NEUTRAL
  TOP3: ['BTCUSDT', 'TAOUSDT']
  scores: [33.9052, 38.1845]
  types: ['CORE', 'INDEPENDENT']
  full_ranking_count: 9
[2026-03-29 03:51:10 UTC] scan elapsed=7.3ms macro=BULL
  TOP3: ['BTCUSDT', 'RIVERUSDT', 'TAOUSDT']
  scores: [33.9079, 35.7453, 40.4901]
  types: ['CORE', 'HIGH_BETA', 'INDEPENDENT']
  full_ranking_count: 9
[2026-03-29 03:52:11 UTC] scan elapsed=7.1ms macro=BULL
  TOP3: ['BTCUSDT', 'RIVERUSDT', 'TAOUSDT']
  scores: [33.9079, 35.7447, 40.4901]
  types: ['CORE', 'HIGH_BETA', 'INDEPENDENT']
  full_ranking_count: 8
[2026-03-29 03:53:13 UTC] scan elapsed=6.2ms macro=BULL
  TOP3: ['BTCUSDT', 'RIVERUSDT', 'TAOUSDT']
  scores: [33.908, 34.7364, 40.49]
  types: ['CORE', 'HIGH_BETA', 'INDEPENDENT']
  full_ranking_count: 10
[2026-03-29 03:54:14 UTC] scan elapsed=7.0ms macro=BULL
  TOP3: ['BTCUSDT', 'RIVERUSDT', 'HYPEUSDT']
  scores: [28.3515, 26.2166, 39.2723]
  types: ['CORE', 'HIGH_BETA', 'INDEPENDENT']
  full_ranking_count: 8
[2026-03-29 03:55:18 UTC] scan elapsed=6.0ms macro=BULL
  TOP3: ['BTCUSDT', 'TAOUSDT', 'RIVERUSDT']
  scores: [35.5302, 38.1603, 37.9756]
  types: ['CORE', 'INDEPENDENT', 'INDEPENDENT']
  full_ranking_count: 9
[2026-03-29 03:56:20 UTC] scan elapsed=7.0ms macro=BULL
  TOP3: ['BTCUSDT', 'HYPEUSDT', 'TAOUSDT']
  scores: [35.9413, 38.4759, 38.1603]
  types: ['CORE', 'INDEPENDENT', 'INDEPENDENT']
  full_ranking_count: 9
[2026-03-29 03:57:24 UTC] scan elapsed=7.0ms macro=BULL
  TOP3: ['BTCUSDT', 'HYPEUSDT', 'RIVERUSDT']
  scores: [35.9413, 38.4759, 35.5071]
  types: ['CORE', 'INDEPENDENT', 'INDEPENDENT']
  full_ranking_count: 8
[2026-03-29 03:58:28 UTC] scan elapsed=8.1ms macro=BULL
  TOP3: ['BTCUSDT', 'TAOUSDT', 'RIVERUSDT']
  scores: [35.9413, 38.1603, 36.3773]
  types: ['CORE', 'INDEPENDENT', 'INDEPENDENT']
  full_ranking_count: 9
[2026-03-29 03:59:28 UTC] scan elapsed=7.0ms macro=BULL
  TOP3: ['BTCUSDT', 'RIVERUSDT', 'TAOUSDT']
  scores: [35.9413, 41.7858, 31.7265]
  types: ['CORE', 'INDEPENDENT', 'INDEPENDENT']
  full_ranking_count: 8
[2026-03-29 04:00:31 UTC] scan elapsed=8.0ms macro=BULL
  TOP3: ['ETHUSDT', 'RIVERUSDT', 'SIRENUSDT']
  scores: [29.7969, 33.9796, 45.1241]
  types: ['CORE', 'HIGH_BETA', 'INDEPENDENT']
  full_ranking_count: 8
[2026-03-29 04:01:34 UTC] scan elapsed=6.1ms macro=BULL
  TOP3: ['BTCUSDT', 'RIVERUSDT', 'HYPEUSDT']
  scores: [34.63, 26.8383, 37.6085]
  types: ['CORE', 'HIGH_BETA', 'INDEPENDENT']
  full_ranking_count: 8
[2026-03-29 04:02:35 UTC] scan elapsed=7.5ms macro=BULL
  TOP3: ['BTCUSDT', 'XAUTUSDT', 'TAOUSDT']
  scores: [34.6299, 36.2151, 35.5132]
  types: ['CORE', 'INDEPENDENT', 'INDEPENDENT']
  full_ranking_count: 8
[2026-03-29 04:03:35 UTC] scan elapsed=7.0ms macro=BULL
  TOP3: ['BTCUSDT', 'HYPEUSDT', 'XAUTUSDT']
  scores: [34.6299, 37.3574, 36.2151]
  types: ['CORE', 'INDEPENDENT', 'INDEPENDENT']
  full_ranking_count: 9
[2026-03-29 04:04:37 UTC] scan elapsed=6.0ms macro=BULL
  TOP3: ['ETHUSDT', 'HYPEUSDT', 'TAOUSDT']
  scores: [30.2804, 37.2925, 36.6953]
  types: ['CORE', 'INDEPENDENT', 'INDEPENDENT']
  full_ranking_count: 9
[2026-03-29 04:05:41 UTC] scan elapsed=7.0ms macro=NEUTRAL
  TOP3: ['BTCUSDT', 'TAOUSDT']
  scores: [33.4626, 39.0352]
  types: ['CORE', 'INDEPENDENT']
  full_ranking_count: 10
[2026-03-29 04:06:42 UTC] scan elapsed=9.7ms macro=NEUTRAL
  TOP3: ['BTCUSDT', 'TAOUSDT']
  scores: [33.4626, 39.2042]
  types: ['CORE', 'INDEPENDENT']
  full_ranking_count: 9
[2026-03-29 04:07:44 UTC] scan elapsed=6.0ms macro=NEUTRAL
  TOP3: ['BTCUSDT', 'TAOUSDT']
  scores: [33.4627, 39.2041]
  types: ['CORE', 'INDEPENDENT']
  full_ranking_count: 9
[2026-03-29 04:08:44 UTC] scan elapsed=6.5ms macro=NEUTRAL
  TOP3: ['ETHUSDT', 'TAOUSDT']
  scores: [31.0808, 39.2039]
  types: ['CORE', 'INDEPENDENT']
  full_ranking_count: 9
[2026-03-29 04:09:46 UTC] scan elapsed=7.0ms macro=NEUTRAL
  TOP3: ['BTCUSDT', 'HYPEUSDT']
  scores: [35.4054, 38.1584]
  types: ['CORE', 'INDEPENDENT']
  full_ranking_count: 10
[2026-03-29 04:10:47 UTC] scan elapsed=7.2ms macro=NEUTRAL
  TOP3: ['ETHUSDT', 'HYPEUSDT']
  scores: [32.1285, 32.6099]
  types: ['CORE', 'INDEPENDENT']
  full_ranking_count: 8
[2026-03-29 04:11:48 UTC] scan elapsed=7.0ms macro=NEUTRAL
  TOP3: ['BTCUSDT', 'RIVERUSDT']
  scores: [35.3255, 33.5502]
  types: ['CORE', 'INDEPENDENT']
  full_ranking_count: 9
[2026-03-29 04:12:48 UTC] scan elapsed=7.0ms macro=NEUTRAL
  TOP3: ['BTCUSDT', 'HYPEUSDT']
  scores: [31.0626, 38.5577]
  types: ['CORE', 'INDEPENDENT']
  full_ranking_count: 9
[2026-03-29 04:13:49 UTC] scan elapsed=7.0ms macro=NEUTRAL
  TOP3: ['BTCUSDT', 'HYPEUSDT']
  scores: [35.3255, 38.5577]
  types: ['CORE', 'INDEPENDENT']
  full_ranking_count: 9
[2026-03-29 04:14:53 UTC] scan elapsed=7.0ms macro=NEUTRAL
  TOP3: ['BTCUSDT', 'HYPEUSDT']
  scores: [33.2859, 38.5575]
  types: ['CORE', 'INDEPENDENT']
  full_ranking_count: 8
[2026-03-29 04:15:55 UTC] scan elapsed=7.0ms macro=NEUTRAL
  TOP3: ['BTCUSDT', 'RIVERUSDT']
  scores: [33.2956, 38.7413]
  types: ['CORE', 'INDEPENDENT']
  full_ranking_count: 8
[2026-03-29 04:16:56 UTC] scan elapsed=5.9ms macro=NEUTRAL
  TOP3: ['BTCUSDT', 'RIVERUSDT']
  scores: [33.2956, 39.3938]
  types: ['CORE', 'INDEPENDENT']
  full_ranking_count: 10
[2026-03-29 04:17:58 UTC] scan elapsed=6.5ms macro=NEUTRAL
  TOP3: ['BTCUSDT', 'RIVERUSDT']
  scores: [33.2956, 39.5127]
  types: ['CORE', 'INDEPENDENT']
  full_ranking_count: 10
[2026-03-29 04:19:00 UTC] scan elapsed=7.0ms macro=NEUTRAL
  TOP3: ['ETHUSDT', 'RIVERUSDT']
  scores: [27.162, 39.5129]
  types: ['CORE', 'INDEPENDENT']
  full_ranking_count: 9
[2026-03-29 04:20:01 UTC] scan elapsed=7.2ms macro=NEUTRAL
  TOP3: ['BTCUSDT', 'RIVERUSDT']
  scores: [32.7045, 39.5142]
  types: ['CORE', 'INDEPENDENT']
  full_ranking_count: 9
[2026-03-29 04:21:02 UTC] scan elapsed=7.0ms macro=BULL
  TOP3: ['BTCUSDT', 'RIVERUSDT', 'TAOUSDT']
  scores: [32.7363, 40.4592, 37.8947]
  types: ['CORE', 'INDEPENDENT', 'INDEPENDENT']
  full_ranking_count: 8
[2026-03-29 04:22:03 UTC] scan elapsed=7.4ms macro=BULL
  TOP3: ['BTCUSDT', 'TAOUSDT', 'HYPEUSDT']
  scores: [32.7363, 37.8954, 37.7204]
  types: ['CORE', 'INDEPENDENT', 'INDEPENDENT']
  full_ranking_count: 8
[2026-03-29 04:23:06 UTC] scan elapsed=7.1ms macro=BULL
  TOP3: ['BTCUSDT', 'RIVERUSDT', 'TAOUSDT']
  scores: [32.7363, 39.0099, 37.8957]
  types: ['CORE', 'INDEPENDENT', 'INDEPENDENT']
  full_ranking_count: 8
[2026-03-29 04:24:07 UTC] scan elapsed=6.6ms macro=BULL
  TOP3: ['BTCUSDT', 'RIVERUSDT', 'TAOUSDT']
  scores: [32.7363, 35.585, 34.7118]
  types: ['CORE', 'INDEPENDENT', 'INDEPENDENT']
  full_ranking_count: 8
[2026-03-29 04:25:09 UTC] scan elapsed=7.0ms macro=BULL
  TOP3: ['BTCUSDT', 'TAOUSDT', 'HYPEUSDT']
  scores: [32.8708, 37.895, 37.1887]
  types: ['CORE', 'HIGH_BETA', 'INDEPENDENT']
  full_ranking_count: 9
[2026-03-29 04:26:11 UTC] scan elapsed=7.0ms macro=NEUTRAL
  TOP3: ['BTCUSDT', 'HYPEUSDT']
  scores: [32.9577, 38.716]
  types: ['CORE', 'INDEPENDENT']
  full_ranking_count: 8
[2026-03-29 04:27:12 UTC] scan elapsed=14.0ms macro=NEUTRAL
  TOP3: ['BTCUSDT', 'RIVERUSDT']
  scores: [32.9577, 38.2442]
  types: ['CORE', 'INDEPENDENT']
  full_ranking_count: 7
[2026-03-29 04:28:13 UTC] scan elapsed=6.7ms macro=NEUTRAL
  TOP3: ['BTCUSDT', 'RIVERUSDT']
  scores: [32.9577, 38.2437]
  types: ['CORE', 'INDEPENDENT']
  full_ranking_count: 9
[2026-03-29 04:29:14 UTC] scan elapsed=7.3ms macro=NEUTRAL
  TOP3: ['ETHUSDT', 'HYPEUSDT']
  scores: [32.221, 38.7158]
  types: ['CORE', 'INDEPENDENT']
  full_ranking_count: 9
[2026-03-29 04:30:16 UTC] scan elapsed=7.0ms macro=NEUTRAL
  TOP3: ['BTCUSDT', 'HYPEUSDT']
  scores: [31.6478, 38.7159]
  types: ['CORE', 'INDEPENDENT']
  full_ranking_count: 7
[2026-03-29 04:31:19 UTC] scan elapsed=7.4ms macro=NEUTRAL
  TOP3: ['BTCUSDT', 'TAOUSDT']
  scores: [32.9008, 39.1249]
  types: ['CORE', 'INDEPENDENT']
  full_ranking_count: 8
[2026-03-29 04:32:20 UTC] scan elapsed=7.3ms macro=NEUTRAL
  TOP3: ['BTCUSDT', 'HYPEUSDT']
  scores: [32.9008, 37.6891]
  types: ['CORE', 'INDEPENDENT']
  full_ranking_count: 8
[2026-03-29 04:33:21 UTC] scan elapsed=7.0ms macro=NEUTRAL
  TOP3: ['BTCUSDT', 'HYPEUSDT']
  scores: [32.9008, 32.798]
  types: ['CORE', 'INDEPENDENT']
  full_ranking_count: 10
[2026-03-29 04:34:23 UTC] scan elapsed=7.1ms macro=NEUTRAL
  TOP3: ['ETHUSDT', 'HYPEUSDT']
  scores: [32.6092, 37.6892]
  types: ['CORE', 'INDEPENDENT']
  full_ranking_count: 9
[2026-03-29 04:35:27 UTC] scan elapsed=7.2ms macro=BULL
  TOP3: ['BTCUSDT', 'RIVERUSDT', 'XAUTUSDT']
  scores: [32.7992, 37.4269, 30.3773]
  types: ['CORE', 'HIGH_BETA', 'HIGH_BETA']
  full_ranking_count: 10
[2026-03-29 04:36:30 UTC] scan elapsed=7.0ms macro=BULL
  TOP3: ['BTCUSDT', 'RIVERUSDT', 'TAOUSDT']
  scores: [32.7992, 35.56, 39.687]
  types: ['CORE', 'HIGH_BETA', 'INDEPENDENT']
  full_ranking_count: 8
[2026-03-29 04:37:30 UTC] scan elapsed=6.1ms macro=BULL
  TOP3: ['BTCUSDT', 'RIVERUSDT', 'XAUTUSDT']
  scores: [32.7992, 34.506, 25.9121]
  types: ['CORE', 'HIGH_BETA', 'HIGH_BETA']
  full_ranking_count: 9
[2026-03-29 04:38:31 UTC] scan elapsed=8.1ms macro=BULL
  TOP3: ['BTCUSDT', 'RIVERUSDT', 'TAOUSDT']
  scores: [32.7992, 36.2743, 30.7005]
  types: ['CORE', 'HIGH_BETA', 'INDEPENDENT']
  full_ranking_count: 7
[2026-03-29 04:39:32 UTC] scan elapsed=7.3ms macro=BULL
  TOP3: ['BTCUSDT', 'RIVERUSDT', 'TAOUSDT']
  scores: [32.632, 28.4726, 39.6866]
  types: ['CORE', 'HIGH_BETA', 'INDEPENDENT']
  full_ranking_count: 6
[2026-03-29 04:40:36 UTC] scan elapsed=6.0ms macro=BULL
  TOP3: ['ETHUSDT', 'TAOUSDT', 'HYPEUSDT']
  scores: [32.0704, 38.3217, 38.0369]
  types: ['CORE', 'HIGH_BETA', 'INDEPENDENT']
  full_ranking_count: 6
[2026-03-29 04:41:39 UTC] scan elapsed=6.0ms macro=BULL
  TOP3: ['ETHUSDT', 'TAOUSDT', 'HYPEUSDT']
  scores: [32.0704, 38.322, 37.2054]
  types: ['CORE', 'HIGH_BETA', 'INDEPENDENT']
  full_ranking_count: 7
[2026-03-29 04:42:39 UTC] scan elapsed=6.8ms macro=BULL
  TOP3: ['BTCUSDT', 'TAOUSDT', 'HYPEUSDT']
  scores: [32.0033, 32.9976, 37.2055]
  types: ['CORE', 'HIGH_BETA', 'INDEPENDENT']
  full_ranking_count: 8
[2026-03-29 04:43:40 UTC] scan elapsed=6.0ms macro=BULL
  TOP3: ['ETHUSDT', 'TAOUSDT', 'DOGEUSDT']
  scores: [32.0704, 38.3222, 32.0036]
  types: ['CORE', 'HIGH_BETA', 'INDEPENDENT']
  full_ranking_count: 9
[2026-03-29 04:44:41 UTC] scan elapsed=6.0ms macro=BULL
  TOP3: ['ETHUSDT', 'TAOUSDT', 'HYPEUSDT']
  scores: [32.0704, 38.3216, 37.2053]
  types: ['CORE', 'HIGH_BETA', 'INDEPENDENT']
  full_ranking_count: 9
[2026-03-29 04:45:45 UTC] scan elapsed=6.0ms macro=NEUTRAL
  TOP3: ['ETHUSDT', 'TAOUSDT']
  scores: [31.6405, 36.7321]
  types: ['CORE', 'INDEPENDENT']
  full_ranking_count: 8
[2026-03-29 04:46:47 UTC] scan elapsed=7.7ms macro=NEUTRAL
  TOP3: ['ETHUSDT', 'TAOUSDT']
  scores: [31.2142, 37.9379]
  types: ['CORE', 'INDEPENDENT']
  full_ranking_count: 10
[2026-03-29 04:47:48 UTC] scan elapsed=6.0ms macro=NEUTRAL
  TOP3: ['ETHUSDT', 'TAOUSDT']
  scores: [31.6405, 37.9389]
  types: ['CORE', 'INDEPENDENT']
  full_ranking_count: 9
[2026-03-29 04:48:50 UTC] scan elapsed=8.0ms macro=NEUTRAL
  TOP3: ['ETHUSDT', 'TAOUSDT']
  scores: [31.6405, 37.9388]
  types: ['CORE', 'INDEPENDENT']
  full_ranking_count: 9
[2026-03-29 04:49:55 UTC] scan elapsed=7.0ms macro=NEUTRAL
  TOP3: ['BTCUSDT', 'TAOUSDT']
  scores: [26.793, 35.8735]
  types: ['CORE', 'INDEPENDENT']
  full_ranking_count: 7
[2026-03-29 04:50:55 UTC] scan elapsed=6.2ms macro=NEUTRAL
  TOP3: ['BTCUSDT', 'TAOUSDT']
  scores: [31.9481, 34.2422]
  types: ['CORE', 'INDEPENDENT']
  full_ranking_count: 7
[2026-03-29 04:51:56 UTC] scan elapsed=6.1ms macro=NEUTRAL
  TOP3: ['BTCUSDT', 'TAOUSDT']
  scores: [31.9481, 38.3601]
  types: ['CORE', 'INDEPENDENT']
  full_ranking_count: 8
[2026-03-29 04:52:56 UTC] scan elapsed=7.0ms macro=NEUTRAL
  TOP3: ['BTCUSDT', 'TAOUSDT']
  scores: [31.9481, 38.36]
  types: ['CORE', 'INDEPENDENT']
  full_ranking_count: 6
[2026-03-29 04:53:58 UTC] scan elapsed=7.0ms macro=NEUTRAL
  TOP3: ['BTCUSDT', 'TAOUSDT']
  scores: [31.9481, 35.0302]
  types: ['CORE', 'INDEPENDENT']
  full_ranking_count: 9
[2026-03-29 04:55:01 UTC] scan elapsed=7.0ms macro=NEUTRAL
  TOP3: ['BTCUSDT', 'TAOUSDT']
  scores: [31.476, 38.3603]
  types: ['CORE', 'INDEPENDENT']
  full_ranking_count: 9
[2026-03-29 04:56:01 UTC] scan elapsed=7.1ms macro=BULL
  TOP3: ['BTCUSDT', 'DOGEUSDT', 'TAOUSDT']
  scores: [31.471, 29.6875, 37.9147]
  types: ['CORE', 'HIGH_BETA', 'INDEPENDENT']
  full_ranking_count: 8
[2026-03-29 04:57:02 UTC] scan elapsed=7.0ms macro=BULL
  TOP3: ['BTCUSDT', 'DOGEUSDT', 'TAOUSDT']
  scores: [31.471, 27.3829, 37.9147]
  types: ['CORE', 'HIGH_BETA', 'INDEPENDENT']
  full_ranking_count: 8
[2026-03-29 04:58:04 UTC] scan elapsed=7.0ms macro=BULL
  TOP3: ['BTCUSDT', 'DOGEUSDT', 'TAOUSDT']
  scores: [31.0187, 29.9883, 37.9144]
  types: ['CORE', 'HIGH_BETA', 'INDEPENDENT']
  full_ranking_count: 8
[2026-03-29 04:59:05 UTC] scan elapsed=6.5ms macro=BULL
  TOP3: ['BTCUSDT', 'DOGEUSDT', 'TAOUSDT']
  scores: [25.9973, 31.187, 37.9149]
  types: ['CORE', 'HIGH_BETA', 'INDEPENDENT']
  full_ranking_count: 7
[2026-03-29 05:00:07 UTC] scan elapsed=6.0ms macro=BULL
  TOP3: ['BTCUSDT', 'RIVERUSDT', 'XAUTUSDT']
  scores: [31.0649, 31.0302, 25.8019]
  types: ['CORE', 'HIGH_BETA', 'HIGH_BETA']
  full_ranking_count: 9
[2026-03-29 05:01:09 UTC] scan elapsed=6.0ms macro=NEUTRAL
  TOP3: ['ETHUSDT', 'TAOUSDT']
  scores: [30.2095, 37.8792]
  types: ['CORE', 'INDEPENDENT']
  full_ranking_count: 7
[2026-03-29 05:02:13 UTC] scan elapsed=9.0ms macro=NEUTRAL
  TOP3: ['BTCUSDT', 'TAOUSDT']
  scores: [31.3002, 37.8787]
  types: ['CORE', 'INDEPENDENT']
  full_ranking_count: 9
[2026-03-29 05:03:14 UTC] scan elapsed=6.5ms macro=NEUTRAL
  TOP3: ['BTCUSDT', 'TAOUSDT']
  scores: [31.3002, 37.8795]
  types: ['CORE', 'INDEPENDENT']
  full_ranking_count: 9
[2026-03-29 05:04:15 UTC] scan elapsed=7.0ms macro=NEUTRAL
  TOP3: ['BTCUSDT', 'TAOUSDT']
  scores: [31.3002, 37.879]
  types: ['CORE', 'INDEPENDENT']
  full_ranking_count: 8
[2026-03-29 05:05:19 UTC] scan elapsed=6.6ms macro=NEUTRAL
  TOP3: ['ETHUSDT', 'XAUTUSDT']
  scores: [32.4368, 33.0392]
  types: ['CORE', 'INDEPENDENT']
  full_ranking_count: 8
[2026-03-29 05:06:22 UTC] scan elapsed=11.3ms macro=NEUTRAL
  TOP3: ['ETHUSDT', 'DOGEUSDT']
  scores: [32.2379, 36.0598]
  types: ['CORE', 'INDEPENDENT']
  full_ranking_count: 8
[2026-03-29 05:07:23 UTC] scan elapsed=7.0ms macro=NEUTRAL
  TOP3: ['ETHUSDT', 'DOGEUSDT']
  scores: [32.2379, 38.0081]
  types: ['CORE', 'INDEPENDENT']
  full_ranking_count: 9
[2026-03-29 05:08:25 UTC] scan elapsed=7.0ms macro=NEUTRAL
  TOP3: ['ETHUSDT', 'DOGEUSDT']
  scores: [32.2378, 38.5891]
  types: ['CORE', 'INDEPENDENT']
  full_ranking_count: 8
[2026-03-29 05:09:26 UTC] scan elapsed=7.0ms macro=NEUTRAL
  TOP3: ['ETHUSDT', 'DOGEUSDT']
  scores: [32.2378, 35.9874]
  types: ['CORE', 'INDEPENDENT']
  full_ranking_count: 7
[2026-03-29 05:10:27 UTC] scan elapsed=6.0ms macro=NEUTRAL
  TOP3: ['ETHUSDT', 'DOGEUSDT']
  scores: [33.4269, 36.453]
  types: ['CORE', 'INDEPENDENT']
  full_ranking_count: 8
[2026-03-29 05:11:30 UTC] scan elapsed=7.2ms macro=NEUTRAL
  TOP3: ['ETHUSDT', 'DOGEUSDT']
  scores: [32.8598, 34.115]
  types: ['CORE', 'INDEPENDENT']
  full_ranking_count: 10
[2026-03-29 05:12:31 UTC] scan elapsed=9.0ms macro=NEUTRAL
  TOP3: ['ETHUSDT', 'XRPUSDT']
  scores: [32.4736, 33.4544]
  types: ['CORE', 'INDEPENDENT']
  full_ranking_count: 9
[2026-03-29 05:13:33 UTC] scan elapsed=7.2ms macro=NEUTRAL
  TOP3: ['ETHUSDT', 'DOGEUSDT']
  scores: [33.4269, 34.7723]
  types: ['CORE', 'INDEPENDENT']
  full_ranking_count: 9
[2026-03-29 05:14:34 UTC] scan elapsed=5.8ms macro=NEUTRAL
  TOP3: ['ETHUSDT', 'DOGEUSDT']
  scores: [33.4269, 33.8274]
  types: ['CORE', 'INDEPENDENT']
  full_ranking_count: 9
[2026-03-29 05:15:39 UTC] scan elapsed=7.0ms macro=NEUTRAL
  TOP3: ['BTCUSDT', 'XAUTUSDT']
  scores: [29.7729, 31.3358]
  types: ['CORE', 'INDEPENDENT']
  full_ranking_count: 8
[2026-03-29 05:16:42 UTC] scan elapsed=6.0ms macro=NEUTRAL
  TOP3: ['ETHUSDT', 'XAUTUSDT']
  scores: [32.9226, 29.7567]
  types: ['CORE', 'INDEPENDENT']
  full_ranking_count: 10
[2026-03-29 05:17:42 UTC] scan elapsed=7.0ms macro=NEUTRAL
  TOP3: ['ETHUSDT', 'XAUTUSDT']
  scores: [32.9227, 32.0508]
  types: ['CORE', 'INDEPENDENT']
  full_ranking_count: 8
[2026-03-29 05:18:44 UTC] scan elapsed=7.6ms macro=NEUTRAL
  TOP3: ['ETHUSDT', 'XAUTUSDT']
  scores: [32.9227, 32.0508]
  types: ['CORE', 'INDEPENDENT']
  full_ranking_count: 8
[2026-03-29 05:19:45 UTC] scan elapsed=6.0ms macro=NEUTRAL
  TOP3: ['BTCUSDT', 'XAUTUSDT']
  scores: [29.7729, 30.8059]
  types: ['CORE', 'INDEPENDENT']
  full_ranking_count: 9
[2026-03-29 05:20:46 UTC] scan elapsed=6.0ms macro=NEUTRAL
  TOP3: ['ETHUSDT', 'RIVERUSDT']
  scores: [38.3289, 38.8691]
  types: ['CORE', 'INDEPENDENT']
  full_ranking_count: 9
[2026-03-29 05:21:49 UTC] scan elapsed=7.0ms macro=NEUTRAL
  TOP3: ['ETHUSDT', 'DOGEUSDT']
  scores: [37.0516, 37.5187]
  types: ['CORE', 'INDEPENDENT']
  full_ranking_count: 9
[2026-03-29 05:22:51 UTC] scan elapsed=7.0ms macro=NEUTRAL
  TOP3: ['ETHUSDT', 'RIVERUSDT']
  scores: [38.3289, 43.6756]
  types: ['CORE', 'INDEPENDENT']
  full_ranking_count: 9
[2026-03-29 05:23:52 UTC] scan elapsed=7.0ms macro=NEUTRAL
  TOP3: ['ETHUSDT', 'RIVERUSDT']
  scores: [38.3289, 43.6739]
  types: ['CORE', 'INDEPENDENT']
  full_ranking_count: 9
[2026-03-29 05:24:53 UTC] scan elapsed=7.2ms macro=NEUTRAL
  TOP3: ['ETHUSDT', 'RIVERUSDT']
  scores: [29.3896, 43.6726]
  types: ['CORE', 'INDEPENDENT']
  full_ranking_count: 8
[2026-03-29 05:25:57 UTC] scan elapsed=7.0ms macro=NEUTRAL
  TOP3: ['ETHUSDT', 'RIVERUSDT']
  scores: [34.608, 39.4072]
  types: ['CORE', 'INDEPENDENT']
  full_ranking_count: 9
[2026-03-29 05:27:00 UTC] scan elapsed=7.0ms macro=NEUTRAL
  TOP3: ['BTCUSDT', 'RIVERUSDT']
  scores: [30.1501, 34.2904]
  types: ['CORE', 'INDEPENDENT']
  full_ranking_count: 7
[2026-03-29 05:28:01 UTC] scan elapsed=7.0ms macro=NEUTRAL
  TOP3: ['ETHUSDT', 'RIVERUSDT']
  scores: [36.424, 32.8565]
  types: ['CORE', 'INDEPENDENT']
  full_ranking_count: 9
[2026-03-29 05:29:03 UTC] scan elapsed=7.0ms macro=NEUTRAL
  TOP3: ['ETHUSDT', 'DOGEUSDT']
  scores: [34.0961, 36.7286]
  types: ['CORE', 'INDEPENDENT']
  full_ranking_count: 10
[2026-03-29 05:30:05 UTC] scan elapsed=7.0ms macro=NEUTRAL
  TOP3: ['ETHUSDT', 'RIVERUSDT']
  scores: [26.47, 37.706]
  types: ['CORE', 'INDEPENDENT']
  full_ranking_count: 8
[2026-03-29 05:31:07 UTC] scan elapsed=6.5ms macro=NEUTRAL
  TOP3: ['BTCUSDT', 'XRPUSDT']
  scores: [30.4413, 34.3702]
  types: ['CORE', 'INDEPENDENT']
  full_ranking_count: 9
[2026-03-29 05:32:09 UTC] scan elapsed=8.1ms macro=NEUTRAL
  TOP3: ['ETHUSDT', 'TAOUSDT']
  scores: [38.2421, 37.337]
  types: ['CORE', 'INDEPENDENT']
  full_ranking_count: 9
[2026-03-29 05:33:10 UTC] scan elapsed=7.0ms macro=NEUTRAL
  TOP3: ['ETHUSDT', 'RIVERUSDT']
  scores: [38.2421, 40.0452]
  types: ['CORE', 'INDEPENDENT']
  full_ranking_count: 8
[2026-03-29 05:34:12 UTC] scan elapsed=6.4ms macro=NEUTRAL
  TOP3: ['BTCUSDT', 'RIVERUSDT']
  scores: [30.4413, 38.1128]
  types: ['CORE', 'INDEPENDENT']
  full_ranking_count: 8
[2026-03-29 05:35:15 UTC] scan elapsed=6.0ms macro=NEUTRAL
  TOP3: ['ETHUSDT', 'TAOUSDT']
  scores: [38.0124, 37.3373]
  types: ['CORE', 'INDEPENDENT']
  full_ranking_count: 9
[2026-03-29 05:36:17 UTC] scan elapsed=8.0ms macro=NEUTRAL
  TOP3: ['ETHUSDT', 'XRPUSDT']
  scores: [35.3569, 35.3071]
  types: ['CORE', 'INDEPENDENT']
  full_ranking_count: 8
[2026-03-29 05:37:18 UTC] scan elapsed=6.0ms macro=NEUTRAL
  TOP3: ['ETHUSDT', 'TAOUSDT']
  scores: [34.2604, 37.517]
  types: ['CORE', 'INDEPENDENT']
  full_ranking_count: 10
[2026-03-29 05:38:20 UTC] scan elapsed=7.0ms macro=NEUTRAL
  TOP3: ['ETHUSDT', 'XRPUSDT']
  scores: [35.3569, 33.4559]
  types: ['CORE', 'INDEPENDENT']
  full_ranking_count: 9
[2026-03-29 05:39:21 UTC] scan elapsed=6.7ms macro=NEUTRAL
  TOP3: ['BTCUSDT', 'TAOUSDT']
  scores: [33.1138, 37.5164]
  types: ['CORE', 'INDEPENDENT']
  full_ranking_count: 9
[2026-03-29 05:40:24 UTC] scan elapsed=6.2ms macro=NEUTRAL
  TOP3: ['ETHUSDT', 'RIVERUSDT']
  scores: [35.3569, 34.2665]
  types: ['CORE', 'INDEPENDENT']
  full_ranking_count: 9
[2026-03-29 05:41:26 UTC] scan elapsed=6.5ms macro=NEUTRAL
  TOP3: ['ETHUSDT', 'XRPUSDT']
  scores: [35.7189, 32.1842]
  types: ['CORE', 'INDEPENDENT']
  full_ranking_count: 10
[2026-03-29 05:42:27 UTC] scan elapsed=6.0ms macro=NEUTRAL
  TOP3: ['ETHUSDT', 'XRPUSDT']
  scores: [35.7189, 33.1577]
  types: ['CORE', 'INDEPENDENT']
  full_ranking_count: 9
[2026-03-29 05:43:28 UTC] scan elapsed=6.0ms macro=NEUTRAL
  TOP3: ['ETHUSDT', 'RIVERUSDT']
  scores: [35.7189, 34.5632]
  types: ['CORE', 'INDEPENDENT']
  full_ranking_count: 10
[2026-03-29 05:44:29 UTC] scan elapsed=7.1ms macro=NEUTRAL
  TOP3: ['ETHUSDT', 'RIVERUSDT']
  scores: [35.7189, 36.2348]
  types: ['CORE', 'INDEPENDENT']
  full_ranking_count: 9
[2026-03-29 05:45:29 UTC] scan elapsed=7.0ms macro=NEUTRAL
  TOP3: ['ETHUSDT', 'TAOUSDT']
  scores: [35.744, 38.3451]
  types: ['CORE', 'INDEPENDENT']
  full_ranking_count: 9
[2026-03-29 05:46:31 UTC] scan elapsed=7.0ms macro=NEUTRAL
  TOP3: ['BTCUSDT', 'TAOUSDT']
  scores: [29.9475, 38.4872]
  types: ['CORE', 'INDEPENDENT']
  full_ranking_count: 9
[2026-03-29 05:47:32 UTC] scan elapsed=6.0ms macro=NEUTRAL
  TOP3: ['ETHUSDT', 'XRPUSDT']
  scores: [33.5176, 34.6214]
  types: ['CORE', 'INDEPENDENT']
  full_ranking_count: 8
[2026-03-29 05:48:33 UTC] scan elapsed=7.0ms macro=NEUTRAL
  TOP3: ['ETHUSDT', 'XRPUSDT']
  scores: [33.5176, 35.6841]
  types: ['CORE', 'INDEPENDENT']
  full_ranking_count: 9
[2026-03-29 05:49:34 UTC] scan elapsed=7.0ms macro=NEUTRAL
  TOP3: ['ETHUSDT', 'TAOUSDT']
  scores: [33.5176, 38.4875]
  types: ['CORE', 'INDEPENDENT']
  full_ranking_count: 10
[2026-03-29 05:50:37 UTC] scan elapsed=7.0ms macro=NEUTRAL
  TOP3: ['BTCUSDT', 'TAOUSDT']
  scores: [32.8193, 36.8988]
  types: ['CORE', 'INDEPENDENT']
  full_ranking_count: 9
[2026-03-29 05:51:40 UTC] scan elapsed=6.0ms macro=NEUTRAL
  TOP3: ['ETHUSDT', 'RIVERUSDT']
  scores: [32.7929, 35.4938]
  types: ['CORE', 'INDEPENDENT']
  full_ranking_count: 10
[2026-03-29 05:52:41 UTC] scan elapsed=6.7ms macro=NEUTRAL
  TOP3: ['ETHUSDT', 'TAOUSDT']
  scores: [32.7929, 37.526]
  types: ['CORE', 'INDEPENDENT']
  full_ranking_count: 10
[2026-03-29 05:53:42 UTC] scan elapsed=7.7ms macro=NEUTRAL
  TOP3: ['BTCUSDT', 'TAOUSDT']
  scores: [32.8193, 37.5266]
  types: ['CORE', 'INDEPENDENT']
  full_ranking_count: 10
[2026-03-29 05:54:44 UTC] scan elapsed=7.0ms macro=NEUTRAL
  TOP3: ['BTCUSDT', 'TAOUSDT']
  scores: [32.8193, 37.5267]
  types: ['CORE', 'INDEPENDENT']
  full_ranking_count: 10
[2026-03-29 05:55:46 UTC] scan elapsed=7.1ms macro=NEUTRAL
  TOP3: ['BTCUSDT', 'TAOUSDT']
  scores: [37.1001, 37.9521]
  types: ['CORE', 'INDEPENDENT']
  full_ranking_count: 9
[2026-03-29 05:56:47 UTC] scan elapsed=6.2ms macro=NEUTRAL
  TOP3: ['BTCUSDT', 'TAOUSDT']
  scores: [33.7317, 38.4006]
  types: ['CORE', 'INDEPENDENT']
  full_ranking_count: 10
[2026-03-29 05:57:49 UTC] scan elapsed=7.2ms macro=NEUTRAL
  TOP3: ['BTCUSDT', 'TAOUSDT']
  scores: [32.4915, 38.4007]
  types: ['CORE', 'INDEPENDENT']
  full_ranking_count: 9
[2026-03-29 05:58:50 UTC] scan elapsed=11.0ms macro=NEUTRAL
  TOP3: ['BTCUSDT', 'TAOUSDT']
  scores: [37.1001, 38.4002]
  types: ['CORE', 'INDEPENDENT']
  full_ranking_count: 10
[2026-03-29 05:59:52 UTC] scan elapsed=8.0ms macro=NEUTRAL
  TOP3: ['BTCUSDT', 'DOGEUSDT']
  scores: [37.1001, 36.934]
  types: ['CORE', 'INDEPENDENT']
  full_ranking_count: 10
[2026-03-29 08:00:01 UTC] scan elapsed=7.7ms macro=NEUTRAL
  TOP3: ['ETHUSDT', 'RIVERUSDT']
  scores: [31.4167, 36.996]
  types: ['CORE', 'INDEPENDENT']
  full_ranking_count: 8
[2026-03-29 08:01:02 UTC] scan elapsed=7.0ms macro=NEUTRAL
  TOP3: ['ETHUSDT', 'SIRENUSDT']
  scores: [36.1558, 38.8217]
  types: ['CORE', 'INDEPENDENT']
  full_ranking_count: 8
[2026-03-29 08:02:04 UTC] scan elapsed=6.6ms macro=NEUTRAL
  TOP3: ['ETHUSDT', 'DOGEUSDT']
  scores: [30.5713, 32.7647]
  types: ['CORE', 'INDEPENDENT']
  full_ranking_count: 6
[2026-03-29 08:03:05 UTC] scan elapsed=7.2ms macro=NEUTRAL
  TOP3: ['ETHUSDT', 'DOGEUSDT']
  scores: [34.7189, 29.8472]
  types: ['CORE', 'INDEPENDENT']
  full_ranking_count: 7
[2026-03-29 08:04:07 UTC] scan elapsed=7.0ms macro=NEUTRAL
  TOP3: ['ETHUSDT', 'DOGEUSDT']
  scores: [34.7189, 31.8807]
  types: ['CORE', 'INDEPENDENT']
  full_ranking_count: 7
[2026-03-29 08:05:08 UTC] scan elapsed=7.5ms macro=NEUTRAL
  TOP3: ['ETHUSDT', 'DOGEUSDT']
  scores: [28.0781, 29.8854]
  types: ['CORE', 'INDEPENDENT']
  full_ranking_count: 7
[2026-03-29 08:06:11 UTC] scan elapsed=7.0ms macro=NEUTRAL
  TOP3: ['ETHUSDT', 'DOGEUSDT']
  scores: [33.1699, 30.0854]
  types: ['CORE', 'INDEPENDENT']
  full_ranking_count: 8
[2026-03-29 08:07:15 UTC] scan elapsed=6.0ms macro=NEUTRAL
  TOP3: ['BTCUSDT', 'RIVERUSDT']
  scores: [28.7299, 34.7513]
  types: ['CORE', 'INDEPENDENT']
  full_ranking_count: 8
[2026-03-29 08:08:16 UTC] scan elapsed=7.0ms macro=NEUTRAL
  TOP3: ['ETHUSDT', 'RIVERUSDT']
  scores: [29.4486, 37.3623]
  types: ['CORE', 'INDEPENDENT']
  full_ranking_count: 7
[2026-03-29 08:09:17 UTC] scan elapsed=6.5ms macro=NEUTRAL
  TOP3: ['BTCUSDT', 'DOGEUSDT']
  scores: [29.0824, 32.1082]
  types: ['CORE', 'INDEPENDENT']
  full_ranking_count: 9
[2026-03-29 08:10:17 UTC] scan elapsed=7.2ms macro=NEUTRAL
  TOP3: ['ETHUSDT', 'RIVERUSDT']
  scores: [35.7774, 37.3619]
  types: ['CORE', 'INDEPENDENT']
  full_ranking_count: 9
