[2026-03-19 12:54:32 UTC] scan elapsed=12.0ms macro=NEUTRAL
  TOP3: []
  scores: []
  types: []
  full_ranking_count: 0
[2026-03-19 12:55:02 UTC] scan elapsed=1.0ms macro=NEUTRAL
  TOP3: []
  scores: []
  types: []
  full_ranking_count: 0
[2026-03-19 12:55:02 UTC] scan elapsed=1.1ms macro=NEUTRAL
  TOP3: []
  scores: []
  types: []
  full_ranking_count: 0
[2026-03-19 12:55:02 UTC] scan elapsed=1.0ms macro=NEUTRAL
  TOP3: []
  scores: []
  types: []
  full_ranking_count: 0
[2026-03-19 12:55:02 UTC] scan elapsed=1.0ms macro=NEUTRAL
  TOP3: []
  scores: []
  types: []
  full_ranking_count: 0
[2026-03-19 12:55:02 UTC] scan elapsed=2.0ms macro=RISK_OFF
  TOP3: []
  scores: []
  types: []
  full_ranking_count: 0
[2026-03-19 12:55:02 UTC] scan elapsed=1.0ms macro=NEUTRAL
  TOP3: []
  scores: []
  types: []
  full_ranking_count: 0
[2026-03-19 12:55:02 UTC] scan elapsed=1.0ms macro=NEUTRAL
  TOP3: []
  scores: []
  types: []
  full_ranking_count: 0
[2026-03-19 12:55:02 UTC] scan elapsed=2.0ms macro=NEUTRAL
  TOP3: []
  scores: []
  types: []
  full_ranking_count: 0
[2026-03-19 12:55:02 UTC] scan elapsed=1.0ms macro=NEUTRAL
  TOP3: []
  scores: []
  types: []
  full_ranking_count: 0
[2026-03-19 12:55:02 UTC] scan elapsed=1.0ms macro=NEUTRAL
  TOP3: []
  scores: []
  types: []
  full_ranking_count: 0
[2026-03-19 12:55:02 UTC] scan elapsed=1.0ms macro=NEUTRAL
  TOP3: []
  scores: []
  types: []
  full_ranking_count: 0
[2026-03-19 12:55:02 UTC] scan elapsed=0.0ms macro=NEUTRAL
  TOP3: []
  scores: []
  types: []
  full_ranking_count: 0
[2026-03-19 12:55:02 UTC] scan elapsed=1.0ms macro=NEUTRAL
  TOP3: []
  scores: []
  types: []
  full_ranking_count: 0
[2026-03-19 12:55:02 UTC] scan elapsed=0.0ms macro=NEUTRAL
  TOP3: []
  scores: []
  types: []
  full_ranking_count: 0
[2026-03-19 12:55:02 UTC] scan elapsed=0.0ms macro=NEUTRAL
  TOP3: []
  scores: []
  types: []
  full_ranking_count: 0
[2026-03-19 12:55:02 UTC] scan elapsed=1.0ms macro=NEUTRAL
  TOP3: []
  scores: []
  types: []
  full_ranking_count: 0
[2026-03-19 12:55:36 UTC] scan elapsed=1.2ms macro=NEUTRAL
  TOP3: []
  scores: []
  types: []
  full_ranking_count: 0
[2026-03-19 12:55:36 UTC] scan elapsed=1.0ms macro=NEUTRAL
  TOP3: []
  scores: []
  types: []
  full_ranking_count: 0
[2026-03-19 12:55:36 UTC] scan elapsed=1.9ms macro=NEUTRAL
  TOP3: []
  scores: []
  types: []
  full_ranking_count: 0
[2026-03-19 12:55:36 UTC] scan elapsed=1.0ms macro=NEUTRAL
  TOP3: []
  scores: []
  types: []
  full_ranking_count: 0
[2026-03-19 12:55:36 UTC] scan elapsed=1.0ms macro=RISK_OFF
  TOP3: []
  scores: []
  types: []
  full_ranking_count: 0
[2026-03-19 12:55:36 UTC] scan elapsed=2.0ms macro=NEUTRAL
  TOP3: []
  scores: []
  types: []
  full_ranking_count: 0
[2026-03-19 12:55:36 UTC] scan elapsed=0.0ms macro=NEUTRAL
  TOP3: []
  scores: []
  types: []
  full_ranking_count: 0
[2026-03-19 12:55:36 UTC] scan elapsed=1.0ms macro=NEUTRAL
  TOP3: []
  scores: []
  types: []
  full_ranking_count: 0
[2026-03-19 12:55:36 UTC] scan elapsed=0.0ms macro=NEUTRAL
  TOP3: []
  scores: []
  types: []
  full_ranking_count: 0
[2026-03-19 12:55:36 UTC] scan elapsed=1.0ms macro=NEUTRAL
  TOP3: []
  scores: []
  types: []
  full_ranking_count: 0
[2026-03-19 12:55:36 UTC] scan elapsed=1.0ms macro=NEUTRAL
  TOP3: []
  scores: []
  types: []
  full_ranking_count: 0
[2026-03-19 12:55:36 UTC] scan elapsed=1.0ms macro=NEUTRAL
  TOP3: []
  scores: []
  types: []
  full_ranking_count: 0
[2026-03-19 12:55:36 UTC] scan elapsed=1.0ms macro=NEUTRAL
  TOP3: []
  scores: []
  types: []
  full_ranking_count: 0
[2026-03-19 12:55:36 UTC] scan elapsed=1.0ms macro=NEUTRAL
  TOP3: []
  scores: []
  types: []
  full_ranking_count: 0
[2026-03-19 12:55:36 UTC] scan elapsed=0.0ms macro=NEUTRAL
  TOP3: []
  scores: []
  types: []
  full_ranking_count: 0
[2026-03-19 12:55:36 UTC] scan elapsed=1.0ms macro=NEUTRAL
  TOP3: []
  scores: []
  types: []
  full_ranking_count: 0
[2026-03-19 12:56:16 UTC] scan elapsed=1.0ms macro=NEUTRAL
  TOP3: []
  scores: []
  types: []
  full_ranking_count: 0
[2026-03-19 12:56:16 UTC] scan elapsed=1.0ms macro=NEUTRAL
  TOP3: []
  scores: []
  types: []
  full_ranking_count: 0
[2026-03-19 12:56:16 UTC] scan elapsed=2.0ms macro=NEUTRAL
  TOP3: []
  scores: []
  types: []
  full_ranking_count: 0
[2026-03-19 12:56:16 UTC] scan elapsed=1.0ms macro=NEUTRAL
  TOP3: []
  scores: []
  types: []
  full_ranking_count: 0
[2026-03-19 12:56:16 UTC] scan elapsed=2.0ms macro=RISK_OFF
  TOP3: []
  scores: []
  types: []
  full_ranking_count: 0
[2026-03-19 12:56:16 UTC] scan elapsed=1.9ms macro=NEUTRAL
  TOP3: []
  scores: []
  types: []
  full_ranking_count: 0
[2026-03-19 12:56:16 UTC] scan elapsed=1.0ms macro=NEUTRAL
  TOP3: []
  scores: []
  types: []
  full_ranking_count: 0
[2026-03-19 12:56:16 UTC] scan elapsed=1.0ms macro=NEUTRAL
  TOP3: []
  scores: []
  types: []
  full_ranking_count: 0
[2026-03-19 12:56:16 UTC] scan elapsed=0.0ms macro=NEUTRAL
  TOP3: []
  scores: []
  types: []
  full_ranking_count: 0
[2026-03-19 12:56:16 UTC] scan elapsed=1.0ms macro=NEUTRAL
  TOP3: []
  scores: []
  types: []
  full_ranking_count: 0
[2026-03-19 12:56:16 UTC] scan elapsed=1.0ms macro=NEUTRAL
  TOP3: []
  scores: []
  types: []
  full_ranking_count: 0
[2026-03-19 12:56:16 UTC] scan elapsed=1.0ms macro=NEUTRAL
  TOP3: []
  scores: []
  types: []
  full_ranking_count: 0
[2026-03-19 12:56:16 UTC] scan elapsed=0.0ms macro=NEUTRAL
  TOP3: []
  scores: []
  types: []
  full_ranking_count: 0
[2026-03-19 12:56:16 UTC] scan elapsed=1.0ms macro=NEUTRAL
  TOP3: []
  scores: []
  types: []
  full_ranking_count: 0
[2026-03-19 12:56:16 UTC] scan elapsed=0.0ms macro=NEUTRAL
  TOP3: []
  scores: []
  types: []
  full_ranking_count: 0
[2026-03-19 12:56:16 UTC] scan elapsed=1.0ms macro=NEUTRAL
  TOP3: []
  scores: []
  types: []
  full_ranking_count: 0
[2026-03-19 12:58:07 UTC] scan elapsed=2.0ms macro=NEUTRAL
  TOP3: []
  scores: []
  types: []
  full_ranking_count: 0
[2026-03-19 12:58:07 UTC] scan elapsed=1.0ms macro=NEUTRAL
  TOP3: []
  scores: []
  types: []
  full_ranking_count: 0
[2026-03-19 12:58:07 UTC] scan elapsed=1.0ms macro=NEUTRAL
  TOP3: []
  scores: []
  types: []
  full_ranking_count: 0
[2026-03-19 12:58:07 UTC] scan elapsed=1.0ms macro=NEUTRAL
  TOP3: []
  scores: []
  types: []
  full_ranking_count: 0
[2026-03-19 12:58:07 UTC] scan elapsed=1.0ms macro=NEUTRAL
  TOP3: []
  scores: []
  types: []
  full_ranking_count: 0
[2026-03-19 12:58:07 UTC] scan elapsed=0.0ms macro=NEUTRAL
  TOP3: []
  scores: []
  types: []
  full_ranking_count: 0
[2026-03-19 12:58:07 UTC] scan elapsed=1.0ms macro=NEUTRAL
  TOP3: []
  scores: []
  types: []
  full_ranking_count: 0
[2026-03-19 12:58:07 UTC] scan elapsed=1.0ms macro=NEUTRAL
  TOP3: []
  scores: []
  types: []
  full_ranking_count: 0
[2026-03-19 12:58:07 UTC] scan elapsed=0.0ms macro=NEUTRAL
  TOP3: []
  scores: []
  types: []
  full_ranking_count: 0
[2026-03-19 12:58:07 UTC] scan elapsed=1.0ms macro=NEUTRAL
  TOP3: []
  scores: []
  types: []
  full_ranking_count: 0
[2026-03-19 12:58:36 UTC] scan elapsed=1.5ms macro=NEUTRAL
  TOP3: []
  scores: []
  types: []
  full_ranking_count: 0
[2026-03-19 12:58:38 UTC] scan elapsed=1.7ms macro=NEUTRAL
  TOP3: []
  scores: []
  types: []
  full_ranking_count: 0
[2026-03-19 12:58:38 UTC] scan elapsed=0.0ms macro=NEUTRAL
  TOP3: []
  scores: []
  types: []
  full_ranking_count: 0
[2026-03-19 12:58:38 UTC] scan elapsed=0.0ms macro=NEUTRAL
  TOP3: []
  scores: []
  types: []
  full_ranking_count: 0
[2026-03-19 12:58:38 UTC] scan elapsed=0.0ms macro=NEUTRAL
  TOP3: []
  scores: []
  types: []
  full_ranking_count: 0
[2026-03-19 12:58:38 UTC] scan elapsed=0.0ms macro=NEUTRAL
  TOP3: []
  scores: []
  types: []
  full_ranking_count: 0
[2026-03-19 12:58:38 UTC] scan elapsed=0.0ms macro=NEUTRAL
  TOP3: []
  scores: []
  types: []
  full_ranking_count: 0
[2026-03-19 12:58:38 UTC] scan elapsed=2.0ms macro=NEUTRAL
  TOP3: []
  scores: []
  types: []
  full_ranking_count: 0
[2026-03-19 12:58:38 UTC] scan elapsed=2.0ms macro=NEUTRAL
  TOP3: []
  scores: []
  types: []
  full_ranking_count: 0
[2026-03-19 12:58:38 UTC] scan elapsed=1.2ms macro=NEUTRAL
  TOP3: []
  scores: []
  types: []
  full_ranking_count: 0
[2026-03-19 12:58:38 UTC] scan elapsed=1.0ms macro=NEUTRAL
  TOP3: []
  scores: []
  types: []
  full_ranking_count: 0
[2026-03-19 12:58:40 UTC] scan elapsed=1.0ms macro=NEUTRAL
  TOP3: []
  scores: []
  types: []
  full_ranking_count: 0
[2026-03-19 12:58:40 UTC] scan elapsed=0.0ms macro=NEUTRAL
  TOP3: []
  scores: []
  types: []
  full_ranking_count: 0
[2026-03-19 12:58:40 UTC] scan elapsed=2.0ms macro=NEUTRAL
  TOP3: []
  scores: []
  types: []
  full_ranking_count: 0
[2026-03-19 12:58:40 UTC] scan elapsed=1.0ms macro=NEUTRAL
  TOP3: []
  scores: []
  types: []
  full_ranking_count: 0
[2026-03-19 12:58:40 UTC] scan elapsed=0.0ms macro=RISK_OFF
  TOP3: []
  scores: []
  types: []
  full_ranking_count: 0
[2026-03-19 12:58:40 UTC] scan elapsed=1.5ms macro=NEUTRAL
  TOP3: []
  scores: []
  types: []
  full_ranking_count: 0
[2026-03-19 12:58:40 UTC] scan elapsed=1.7ms macro=NEUTRAL
  TOP3: []
  scores: []
  types: []
  full_ranking_count: 0
[2026-03-19 12:58:40 UTC] scan elapsed=1.1ms macro=NEUTRAL
  TOP3: []
  scores: []
  types: []
  full_ranking_count: 0
[2026-03-19 12:58:40 UTC] scan elapsed=1.0ms macro=NEUTRAL
  TOP3: []
  scores: []
  types: []
  full_ranking_count: 0
[2026-03-19 12:58:40 UTC] scan elapsed=1.3ms macro=NEUTRAL
  TOP3: []
  scores: []
  types: []
  full_ranking_count: 0
[2026-03-19 12:58:40 UTC] scan elapsed=1.1ms macro=NEUTRAL
  TOP3: []
  scores: []
  types: []
  full_ranking_count: 0
[2026-03-19 12:58:40 UTC] scan elapsed=1.0ms macro=NEUTRAL
  TOP3: []
  scores: []
  types: []
  full_ranking_count: 0
[2026-03-19 12:58:40 UTC] scan elapsed=1.0ms macro=NEUTRAL
  TOP3: []
  scores: []
  types: []
  full_ranking_count: 0
[2026-03-19 12:58:40 UTC] scan elapsed=1.0ms macro=NEUTRAL
  TOP3: []
  scores: []
  types: []
  full_ranking_count: 0
[2026-03-19 12:58:40 UTC] scan elapsed=1.0ms macro=NEUTRAL
  TOP3: []
  scores: []
  types: []
  full_ranking_count: 0
[2026-03-19 12:58:40 UTC] scan elapsed=0.4ms macro=NEUTRAL
  TOP3: []
  scores: []
  types: []
  full_ranking_count: 0
[2026-03-19 13:09:52 UTC] scan elapsed=2.0ms macro=NEUTRAL
  TOP3: []
  scores: []
  types: []
  full_ranking_count: 0
[2026-03-19 13:09:52 UTC] scan elapsed=1.0ms macro=NEUTRAL
  TOP3: []
  scores: []
  types: []
  full_ranking_count: 0
[2026-03-19 13:09:52 UTC] scan elapsed=1.2ms macro=NEUTRAL
  TOP3: []
  scores: []
  types: []
  full_ranking_count: 0
[2026-03-19 13:09:52 UTC] scan elapsed=1.0ms macro=NEUTRAL
  TOP3: []
  scores: []
  types: []
  full_ranking_count: 0
[2026-03-19 13:09:52 UTC] scan elapsed=1.0ms macro=RISK_OFF
  TOP3: []
  scores: []
  types: []
  full_ranking_count: 0
[2026-03-19 13:09:52 UTC] scan elapsed=1.0ms macro=NEUTRAL
  TOP3: []
  scores: []
  types: []
  full_ranking_count: 0
[2026-03-19 13:09:52 UTC] scan elapsed=1.0ms macro=NEUTRAL
  TOP3: []
  scores: []
  types: []
  full_ranking_count: 0
[2026-03-19 13:09:52 UTC] scan elapsed=1.0ms macro=NEUTRAL
  TOP3: []
  scores: []
  types: []
  full_ranking_count: 0
[2026-03-19 13:09:52 UTC] scan elapsed=1.0ms macro=NEUTRAL
  TOP3: []
  scores: []
  types: []
  full_ranking_count: 0
[2026-03-19 13:09:52 UTC] scan elapsed=0.0ms macro=NEUTRAL
  TOP3: []
  scores: []
  types: []
  full_ranking_count: 0
[2026-03-19 13:09:52 UTC] scan elapsed=1.0ms macro=NEUTRAL
  TOP3: []
  scores: []
  types: []
  full_ranking_count: 0
[2026-03-19 13:09:52 UTC] scan elapsed=1.0ms macro=NEUTRAL
  TOP3: []
  scores: []
  types: []
  full_ranking_count: 0
[2026-03-19 13:09:52 UTC] scan elapsed=0.0ms macro=NEUTRAL
  TOP3: []
  scores: []
  types: []
  full_ranking_count: 0
[2026-03-19 13:09:52 UTC] scan elapsed=1.0ms macro=NEUTRAL
  TOP3: []
  scores: []
  types: []
  full_ranking_count: 0
[2026-03-19 13:09:52 UTC] scan elapsed=0.8ms macro=NEUTRAL
  TOP3: []
  scores: []
  types: []
  full_ranking_count: 0
[2026-03-19 13:09:52 UTC] scan elapsed=0.9ms macro=NEUTRAL
  TOP3: []
  scores: []
  types: []
  full_ranking_count: 0
[2026-03-19 13:12:15 UTC] scan elapsed=8.5ms macro=NEUTRAL
  TOP3: []
  scores: []
  types: []
  full_ranking_count: 0
[2026-03-19 13:12:15 UTC] scan elapsed=1.0ms macro=NEUTRAL
  TOP3: []
  scores: []
  types: []
  full_ranking_count: 0
[2026-03-19 13:12:15 UTC] scan elapsed=1.3ms macro=NEUTRAL
  TOP3: []
  scores: []
  types: []
  full_ranking_count: 0
[2026-03-19 13:12:15 UTC] scan elapsed=1.0ms macro=NEUTRAL
  TOP3: []
  scores: []
  types: []
  full_ranking_count: 0
[2026-03-19 13:12:15 UTC] scan elapsed=1.6ms macro=RISK_OFF
  TOP3: []
  scores: []
  types: []
  full_ranking_count: 0
[2026-03-19 13:12:15 UTC] scan elapsed=0.8ms macro=NEUTRAL
  TOP3: []
  scores: []
  types: []
  full_ranking_count: 0
[2026-03-19 13:12:15 UTC] scan elapsed=1.0ms macro=NEUTRAL
  TOP3: []
  scores: []
  types: []
  full_ranking_count: 0
[2026-03-19 13:12:15 UTC] scan elapsed=1.9ms macro=NEUTRAL
  TOP3: []
  scores: []
  types: []
  full_ranking_count: 0
[2026-03-19 13:12:15 UTC] scan elapsed=1.0ms macro=NEUTRAL
  TOP3: []
  scores: []
  types: []
  full_ranking_count: 0
[2026-03-19 13:12:15 UTC] scan elapsed=1.0ms macro=NEUTRAL
  TOP3: []
  scores: []
  types: []
  full_ranking_count: 0
[2026-03-19 13:12:15 UTC] scan elapsed=0.0ms macro=NEUTRAL
  TOP3: []
  scores: []
  types: []
  full_ranking_count: 0
[2026-03-19 13:12:15 UTC] scan elapsed=1.6ms macro=NEUTRAL
  TOP3: []
  scores: []
  types: []
  full_ranking_count: 0
[2026-03-19 13:12:15 UTC] scan elapsed=1.5ms macro=NEUTRAL
  TOP3: []
  scores: []
  types: []
  full_ranking_count: 0
[2026-03-19 13:12:15 UTC] scan elapsed=1.1ms macro=NEUTRAL
  TOP3: []
  scores: []
  types: []
  full_ranking_count: 0
[2026-03-19 13:12:15 UTC] scan elapsed=0.4ms macro=NEUTRAL
  TOP3: []
  scores: []
  types: []
  full_ranking_count: 0
[2026-03-19 13:12:15 UTC] scan elapsed=1.0ms macro=NEUTRAL
  TOP3: []
  scores: []
  types: []
  full_ranking_count: 0
[2026-03-19 13:42:52 UTC] scan elapsed=2.3ms macro=NEUTRAL
  TOP3: []
  scores: []
  types: []
  full_ranking_count: 0
[2026-03-19 13:42:52 UTC] scan elapsed=1.0ms macro=NEUTRAL
  TOP3: []
  scores: []
  types: []
  full_ranking_count: 0
[2026-03-19 13:42:52 UTC] scan elapsed=2.2ms macro=NEUTRAL
  TOP3: []
  scores: []
  types: []
  full_ranking_count: 0
[2026-03-19 13:42:52 UTC] scan elapsed=1.0ms macro=NEUTRAL
  TOP3: []
  scores: []
  types: []
  full_ranking_count: 0
[2026-03-19 13:42:52 UTC] scan elapsed=0.0ms macro=RISK_OFF
  TOP3: []
  scores: []
  types: []
  full_ranking_count: 0
[2026-03-19 13:42:52 UTC] scan elapsed=1.7ms macro=NEUTRAL
  TOP3: []
  scores: []
  types: []
  full_ranking_count: 0
[2026-03-19 13:42:52 UTC] scan elapsed=1.2ms macro=NEUTRAL
  TOP3: []
  scores: []
  types: []
  full_ranking_count: 0
[2026-03-19 13:42:52 UTC] scan elapsed=1.0ms macro=NEUTRAL
  TOP3: []
  scores: []
  types: []
  full_ranking_count: 0
[2026-03-19 13:42:52 UTC] scan elapsed=1.0ms macro=NEUTRAL
  TOP3: []
  scores: []
  types: []
  full_ranking_count: 0
[2026-03-19 13:42:52 UTC] scan elapsed=1.0ms macro=NEUTRAL
  TOP3: []
  scores: []
  types: []
  full_ranking_count: 0
[2026-03-19 13:42:52 UTC] scan elapsed=0.0ms macro=NEUTRAL
  TOP3: []
  scores: []
  types: []
  full_ranking_count: 0
[2026-03-19 13:42:52 UTC] scan elapsed=1.0ms macro=NEUTRAL
  TOP3: []
  scores: []
  types: []
  full_ranking_count: 0
[2026-03-19 13:42:52 UTC] scan elapsed=1.4ms macro=NEUTRAL
  TOP3: []
  scores: []
  types: []
  full_ranking_count: 0
[2026-03-19 13:42:52 UTC] scan elapsed=0.0ms macro=NEUTRAL
  TOP3: []
  scores: []
  types: []
  full_ranking_count: 0
[2026-03-19 13:42:52 UTC] scan elapsed=1.0ms macro=NEUTRAL
  TOP3: []
  scores: []
  types: []
  full_ranking_count: 0
[2026-03-19 13:42:52 UTC] scan elapsed=1.5ms macro=NEUTRAL
  TOP3: []
  scores: []
  types: []
  full_ranking_count: 0
[2026-03-19 13:43:50 UTC] scan elapsed=1.0ms macro=NEUTRAL
  TOP3: []
  scores: []
  types: []
  full_ranking_count: 0
[2026-03-19 13:43:50 UTC] scan elapsed=1.0ms macro=NEUTRAL
  TOP3: []
  scores: []
  types: []
  full_ranking_count: 0
[2026-03-19 13:43:50 UTC] scan elapsed=2.0ms macro=NEUTRAL
  TOP3: []
  scores: []
  types: []
  full_ranking_count: 0
[2026-03-19 13:43:50 UTC] scan elapsed=1.6ms macro=NEUTRAL
  TOP3: []
  scores: []
  types: []
  full_ranking_count: 0
[2026-03-19 13:43:50 UTC] scan elapsed=2.4ms macro=RISK_OFF
  TOP3: []
  scores: []
  types: []
  full_ranking_count: 0
[2026-03-19 13:43:50 UTC] scan elapsed=1.0ms macro=NEUTRAL
  TOP3: []
  scores: []
  types: []
  full_ranking_count: 0
[2026-03-19 13:43:50 UTC] scan elapsed=1.3ms macro=NEUTRAL
  TOP3: []
  scores: []
  types: []
  full_ranking_count: 0
[2026-03-19 13:43:50 UTC] scan elapsed=1.0ms macro=NEUTRAL
  TOP3: []
  scores: []
  types: []
  full_ranking_count: 0
[2026-03-19 13:43:50 UTC] scan elapsed=1.0ms macro=NEUTRAL
  TOP3: []
  scores: []
  types: []
  full_ranking_count: 0
[2026-03-19 13:43:50 UTC] scan elapsed=0.0ms macro=NEUTRAL
  TOP3: []
  scores: []
  types: []
  full_ranking_count: 0
[2026-03-19 13:43:50 UTC] scan elapsed=3.0ms macro=NEUTRAL
  TOP3: []
  scores: []
  types: []
  full_ranking_count: 0
[2026-03-19 13:43:50 UTC] scan elapsed=1.0ms macro=NEUTRAL
  TOP3: []
  scores: []
  types: []
  full_ranking_count: 0
[2026-03-19 13:43:50 UTC] scan elapsed=1.3ms macro=NEUTRAL
  TOP3: []
  scores: []
  types: []
  full_ranking_count: 0
[2026-03-19 13:43:50 UTC] scan elapsed=1.0ms macro=NEUTRAL
  TOP3: []
  scores: []
  types: []
  full_ranking_count: 0
[2026-03-19 13:43:50 UTC] scan elapsed=1.0ms macro=NEUTRAL
  TOP3: []
  scores: []
  types: []
  full_ranking_count: 0
[2026-03-19 13:43:50 UTC] scan elapsed=2.0ms macro=NEUTRAL
  TOP3: []
  scores: []
  types: []
  full_ranking_count: 0
[2026-03-19 13:45:40 UTC] scan elapsed=1.1ms macro=NEUTRAL
  TOP3: []
  scores: []
  types: []
  full_ranking_count: 0
[2026-03-19 13:45:40 UTC] scan elapsed=3.0ms macro=NEUTRAL
  TOP3: []
  scores: []
  types: []
  full_ranking_count: 0
[2026-03-19 13:45:40 UTC] scan elapsed=1.0ms macro=NEUTRAL
  TOP3: []
  scores: []
  types: []
  full_ranking_count: 0
[2026-03-19 13:45:40 UTC] scan elapsed=1.5ms macro=NEUTRAL
  TOP3: []
  scores: []
  types: []
  full_ranking_count: 0
[2026-03-19 13:45:40 UTC] scan elapsed=1.1ms macro=RISK_OFF
  TOP3: []
  scores: []
  types: []
  full_ranking_count: 0
[2026-03-19 13:45:40 UTC] scan elapsed=1.0ms macro=NEUTRAL
  TOP3: []
  scores: []
  types: []
  full_ranking_count: 0
[2026-03-19 13:45:40 UTC] scan elapsed=1.3ms macro=NEUTRAL
  TOP3: []
  scores: []
  types: []
  full_ranking_count: 0
[2026-03-19 13:45:40 UTC] scan elapsed=1.5ms macro=NEUTRAL
  TOP3: []
  scores: []
  types: []
  full_ranking_count: 0
[2026-03-19 13:45:40 UTC] scan elapsed=1.0ms macro=NEUTRAL
  TOP3: []
  scores: []
  types: []
  full_ranking_count: 0
[2026-03-19 13:45:40 UTC] scan elapsed=1.3ms macro=NEUTRAL
  TOP3: []
  scores: []
  types: []
  full_ranking_count: 0
[2026-03-19 13:45:40 UTC] scan elapsed=1.0ms macro=NEUTRAL
  TOP3: []
  scores: []
  types: []
  full_ranking_count: 0
[2026-03-19 13:45:40 UTC] scan elapsed=1.0ms macro=NEUTRAL
  TOP3: []
  scores: []
  types: []
  full_ranking_count: 0
[2026-03-19 13:45:40 UTC] scan elapsed=1.5ms macro=NEUTRAL
  TOP3: []
  scores: []
  types: []
  full_ranking_count: 0
[2026-03-19 13:45:40 UTC] scan elapsed=2.0ms macro=NEUTRAL
  TOP3: []
  scores: []
  types: []
  full_ranking_count: 0
[2026-03-19 13:45:40 UTC] scan elapsed=2.0ms macro=NEUTRAL
  TOP3: []
  scores: []
  types: []
  full_ranking_count: 0
[2026-03-19 13:45:40 UTC] scan elapsed=1.0ms macro=NEUTRAL
  TOP3: []
  scores: []
  types: []
  full_ranking_count: 0
[2026-03-19 14:13:08 UTC] scan elapsed=2.5ms macro=NEUTRAL
  TOP3: []
  scores: []
  types: []
  full_ranking_count: 0
[2026-03-19 14:13:08 UTC] scan elapsed=2.0ms macro=NEUTRAL
  TOP3: []
  scores: []
  types: []
  full_ranking_count: 0
[2026-03-19 14:13:08 UTC] scan elapsed=2.7ms macro=NEUTRAL
  TOP3: []
  scores: []
  types: []
  full_ranking_count: 0
[2026-03-19 14:13:08 UTC] scan elapsed=2.3ms macro=NEUTRAL
  TOP3: []
  scores: []
  types: []
  full_ranking_count: 0
[2026-03-19 14:13:08 UTC] scan elapsed=1.0ms macro=RISK_OFF
  TOP3: []
  scores: []
  types: []
  full_ranking_count: 0
[2026-03-19 14:13:08 UTC] scan elapsed=2.0ms macro=NEUTRAL
  TOP3: []
  scores: []
  types: []
  full_ranking_count: 0
[2026-03-19 14:13:08 UTC] scan elapsed=1.0ms macro=NEUTRAL
  TOP3: []
  scores: []
  types: []
  full_ranking_count: 0
[2026-03-19 14:13:08 UTC] scan elapsed=1.0ms macro=NEUTRAL
  TOP3: []
  scores: []
  types: []
  full_ranking_count: 0
[2026-03-19 14:13:08 UTC] scan elapsed=1.0ms macro=NEUTRAL
  TOP3: []
  scores: []
  types: []
  full_ranking_count: 0
[2026-03-19 14:13:08 UTC] scan elapsed=1.0ms macro=NEUTRAL
  TOP3: []
  scores: []
  types: []
  full_ranking_count: 0
[2026-03-19 14:13:08 UTC] scan elapsed=1.6ms macro=NEUTRAL
  TOP3: []
  scores: []
  types: []
  full_ranking_count: 0
[2026-03-19 14:13:08 UTC] scan elapsed=1.5ms macro=NEUTRAL
  TOP3: []
  scores: []
  types: []
  full_ranking_count: 0
[2026-03-19 14:13:08 UTC] scan elapsed=1.0ms macro=NEUTRAL
  TOP3: []
  scores: []
  types: []
  full_ranking_count: 0
[2026-03-19 14:13:08 UTC] scan elapsed=1.0ms macro=NEUTRAL
  TOP3: []
  scores: []
  types: []
  full_ranking_count: 0
[2026-03-19 14:13:08 UTC] scan elapsed=1.0ms macro=NEUTRAL
  TOP3: []
  scores: []
  types: []
  full_ranking_count: 0
[2026-03-19 14:13:08 UTC] scan elapsed=1.0ms macro=NEUTRAL
  TOP3: []
  scores: []
  types: []
  full_ranking_count: 0
[2026-03-19 14:16:50 UTC] scan elapsed=1.3ms macro=NEUTRAL
  TOP3: []
  scores: []
  types: []
  full_ranking_count: 0
[2026-03-19 14:16:50 UTC] scan elapsed=1.0ms macro=NEUTRAL
  TOP3: []
  scores: []
  types: []
  full_ranking_count: 0
[2026-03-19 14:16:50 UTC] scan elapsed=1.5ms macro=NEUTRAL
  TOP3: []
  scores: []
  types: []
  full_ranking_count: 0
[2026-03-19 14:16:50 UTC] scan elapsed=1.0ms macro=NEUTRAL
  TOP3: []
  scores: []
  types: []
  full_ranking_count: 0
[2026-03-19 14:16:50 UTC] scan elapsed=1.0ms macro=RISK_OFF
  TOP3: []
  scores: []
  types: []
  full_ranking_count: 0
[2026-03-19 14:16:50 UTC] scan elapsed=1.0ms macro=NEUTRAL
  TOP3: []
  scores: []
  types: []
  full_ranking_count: 0
[2026-03-19 14:16:50 UTC] scan elapsed=1.0ms macro=NEUTRAL
  TOP3: []
  scores: []
  types: []
  full_ranking_count: 0
[2026-03-19 14:16:50 UTC] scan elapsed=1.2ms macro=NEUTRAL
  TOP3: []
  scores: []
  types: []
  full_ranking_count: 0
[2026-03-19 14:16:50 UTC] scan elapsed=1.0ms macro=NEUTRAL
  TOP3: []
  scores: []
  types: []
  full_ranking_count: 0
[2026-03-19 14:16:50 UTC] scan elapsed=1.0ms macro=NEUTRAL
  TOP3: []
  scores: []
  types: []
  full_ranking_count: 0
[2026-03-19 14:16:50 UTC] scan elapsed=0.0ms macro=NEUTRAL
  TOP3: []
  scores: []
  types: []
  full_ranking_count: 0
[2026-03-19 14:16:50 UTC] scan elapsed=1.0ms macro=NEUTRAL
  TOP3: []
  scores: []
  types: []
  full_ranking_count: 0
[2026-03-19 14:16:50 UTC] scan elapsed=1.2ms macro=NEUTRAL
  TOP3: []
  scores: []
  types: []
  full_ranking_count: 0
[2026-03-19 14:16:50 UTC] scan elapsed=2.0ms macro=NEUTRAL
  TOP3: []
  scores: []
  types: []
  full_ranking_count: 0
[2026-03-19 14:16:50 UTC] scan elapsed=1.0ms macro=NEUTRAL
  TOP3: []
  scores: []
  types: []
  full_ranking_count: 0
[2026-03-19 14:16:50 UTC] scan elapsed=0.8ms macro=NEUTRAL
  TOP3: []
  scores: []
  types: []
  full_ranking_count: 0
[2026-03-19 14:18:00 UTC] scan elapsed=2.0ms macro=NEUTRAL
  TOP3: []
  scores: []
  types: []
  full_ranking_count: 0
[2026-03-19 14:18:00 UTC] scan elapsed=1.0ms macro=NEUTRAL
  TOP3: []
  scores: []
  types: []
  full_ranking_count: 0
[2026-03-19 14:18:00 UTC] scan elapsed=1.1ms macro=NEUTRAL
  TOP3: []
  scores: []
  types: []
  full_ranking_count: 0
[2026-03-19 14:18:00 UTC] scan elapsed=1.0ms macro=NEUTRAL
  TOP3: []
  scores: []
  types: []
  full_ranking_count: 0
[2026-03-19 14:18:00 UTC] scan elapsed=1.6ms macro=RISK_OFF
  TOP3: []
  scores: []
  types: []
  full_ranking_count: 0
[2026-03-19 14:18:00 UTC] scan elapsed=1.0ms macro=NEUTRAL
  TOP3: []
  scores: []
  types: []
  full_ranking_count: 0
[2026-03-19 14:18:00 UTC] scan elapsed=1.0ms macro=NEUTRAL
  TOP3: []
  scores: []
  types: []
  full_ranking_count: 0
[2026-03-19 14:18:00 UTC] scan elapsed=1.0ms macro=NEUTRAL
  TOP3: []
  scores: []
  types: []
  full_ranking_count: 0
[2026-03-19 14:18:00 UTC] scan elapsed=1.0ms macro=NEUTRAL
  TOP3: []
  scores: []
  types: []
  full_ranking_count: 0
[2026-03-19 14:18:00 UTC] scan elapsed=1.0ms macro=NEUTRAL
  TOP3: []
  scores: []
  types: []
  full_ranking_count: 0
[2026-03-19 14:18:00 UTC] scan elapsed=1.4ms macro=NEUTRAL
  TOP3: []
  scores: []
  types: []
  full_ranking_count: 0
[2026-03-19 14:18:00 UTC] scan elapsed=0.0ms macro=NEUTRAL
  TOP3: []
  scores: []
  types: []
  full_ranking_count: 0
[2026-03-19 14:18:00 UTC] scan elapsed=1.0ms macro=NEUTRAL
  TOP3: []
  scores: []
  types: []
  full_ranking_count: 0
[2026-03-19 14:18:00 UTC] scan elapsed=1.2ms macro=NEUTRAL
  TOP3: []
  scores: []
  types: []
  full_ranking_count: 0
[2026-03-19 14:18:00 UTC] scan elapsed=2.0ms macro=NEUTRAL
  TOP3: []
  scores: []
  types: []
  full_ranking_count: 0
[2026-03-19 14:18:00 UTC] scan elapsed=2.0ms macro=NEUTRAL
  TOP3: []
  scores: []
  types: []
  full_ranking_count: 0
[2026-03-19 14:39:45 UTC] scan elapsed=1.0ms macro=NEUTRAL
  TOP3: []
  scores: []
  types: []
  full_ranking_count: 0
[2026-03-19 14:39:45 UTC] scan elapsed=2.0ms macro=NEUTRAL
  TOP3: []
  scores: []
  types: []
  full_ranking_count: 0
[2026-03-19 14:39:45 UTC] scan elapsed=1.7ms macro=NEUTRAL
  TOP3: []
  scores: []
  types: []
  full_ranking_count: 0
[2026-03-19 14:39:45 UTC] scan elapsed=1.0ms macro=NEUTRAL
  TOP3: []
  scores: []
  types: []
  full_ranking_count: 0
[2026-03-19 14:39:45 UTC] scan elapsed=1.5ms macro=RISK_OFF
  TOP3: []
  scores: []
  types: []
  full_ranking_count: 0
[2026-03-19 14:39:45 UTC] scan elapsed=1.0ms macro=NEUTRAL
  TOP3: []
  scores: []
  types: []
  full_ranking_count: 0
[2026-03-19 14:39:45 UTC] scan elapsed=2.0ms macro=NEUTRAL
  TOP3: []
  scores: []
  types: []
  full_ranking_count: 0
[2026-03-19 14:39:45 UTC] scan elapsed=2.0ms macro=NEUTRAL
  TOP3: []
  scores: []
  types: []
  full_ranking_count: 0
[2026-03-19 14:39:45 UTC] scan elapsed=1.0ms macro=NEUTRAL
  TOP3: []
  scores: []
  types: []
  full_ranking_count: 0
[2026-03-19 14:39:45 UTC] scan elapsed=1.0ms macro=NEUTRAL
  TOP3: []
  scores: []
  types: []
  full_ranking_count: 0
[2026-03-19 14:39:45 UTC] scan elapsed=1.0ms macro=NEUTRAL
  TOP3: []
  scores: []
  types: []
  full_ranking_count: 0
[2026-03-19 14:39:45 UTC] scan elapsed=1.0ms macro=NEUTRAL
  TOP3: []
  scores: []
  types: []
  full_ranking_count: 0
[2026-03-19 14:39:45 UTC] scan elapsed=1.0ms macro=NEUTRAL
  TOP3: []
  scores: []
  types: []
  full_ranking_count: 0
[2026-03-19 14:39:45 UTC] scan elapsed=1.0ms macro=NEUTRAL
  TOP3: []
  scores: []
  types: []
  full_ranking_count: 0
[2026-03-19 14:39:45 UTC] scan elapsed=1.0ms macro=NEUTRAL
  TOP3: []
  scores: []
  types: []
  full_ranking_count: 0
[2026-03-19 14:39:45 UTC] scan elapsed=1.0ms macro=NEUTRAL
  TOP3: []
  scores: []
  types: []
  full_ranking_count: 0
[2026-03-19 14:40:46 UTC] scan elapsed=2.0ms macro=NEUTRAL
  TOP3: []
  scores: []
  types: []
  full_ranking_count: 0
[2026-03-19 14:40:46 UTC] scan elapsed=3.1ms macro=NEUTRAL
  TOP3: []
  scores: []
  types: []
  full_ranking_count: 0
[2026-03-19 14:40:46 UTC] scan elapsed=2.2ms macro=NEUTRAL
  TOP3: []
  scores: []
  types: []
  full_ranking_count: 0
[2026-03-19 14:40:46 UTC] scan elapsed=2.0ms macro=NEUTRAL
  TOP3: []
  scores: []
  types: []
  full_ranking_count: 0
[2026-03-19 14:40:46 UTC] scan elapsed=1.0ms macro=RISK_OFF
  TOP3: []
  scores: []
  types: []
  full_ranking_count: 0
[2026-03-19 14:40:46 UTC] scan elapsed=1.5ms macro=NEUTRAL
  TOP3: []
  scores: []
  types: []
  full_ranking_count: 0
[2026-03-19 14:40:46 UTC] scan elapsed=2.0ms macro=NEUTRAL
  TOP3: []
  scores: []
  types: []
  full_ranking_count: 0
[2026-03-19 14:40:46 UTC] scan elapsed=1.5ms macro=NEUTRAL
  TOP3: []
  scores: []
  types: []
  full_ranking_count: 0
[2026-03-19 14:40:46 UTC] scan elapsed=1.0ms macro=NEUTRAL
  TOP3: []
  scores: []
  types: []
  full_ranking_count: 0
[2026-03-19 14:40:46 UTC] scan elapsed=0.0ms macro=NEUTRAL
  TOP3: []
  scores: []
  types: []
  full_ranking_count: 0
[2026-03-19 14:40:46 UTC] scan elapsed=1.0ms macro=NEUTRAL
  TOP3: []
  scores: []
  types: []
  full_ranking_count: 0
[2026-03-19 14:40:46 UTC] scan elapsed=2.0ms macro=NEUTRAL
  TOP3: []
  scores: []
  types: []
  full_ranking_count: 0
[2026-03-19 14:40:46 UTC] scan elapsed=2.0ms macro=NEUTRAL
  TOP3: []
  scores: []
  types: []
  full_ranking_count: 0
[2026-03-19 14:40:46 UTC] scan elapsed=1.2ms macro=NEUTRAL
  TOP3: []
  scores: []
  types: []
  full_ranking_count: 0
[2026-03-19 14:40:46 UTC] scan elapsed=2.0ms macro=NEUTRAL
  TOP3: []
  scores: []
  types: []
  full_ranking_count: 0
[2026-03-19 14:40:46 UTC] scan elapsed=1.5ms macro=NEUTRAL
  TOP3: []
  scores: []
  types: []
  full_ranking_count: 0
[2026-03-19 14:59:41 UTC] scan elapsed=2.0ms macro=NEUTRAL
  TOP3: []
  scores: []
  types: []
  full_ranking_count: 0
[2026-03-19 14:59:41 UTC] scan elapsed=1.0ms macro=NEUTRAL
  TOP3: []
  scores: []
  types: []
  full_ranking_count: 0
[2026-03-19 14:59:41 UTC] scan elapsed=1.0ms macro=NEUTRAL
  TOP3: []
  scores: []
  types: []
  full_ranking_count: 0
[2026-03-19 14:59:41 UTC] scan elapsed=2.2ms macro=NEUTRAL
  TOP3: []
  scores: []
  types: []
  full_ranking_count: 0
[2026-03-19 14:59:41 UTC] scan elapsed=1.0ms macro=RISK_OFF
  TOP3: []
  scores: []
  types: []
  full_ranking_count: 0
[2026-03-19 14:59:41 UTC] scan elapsed=1.0ms macro=NEUTRAL
  TOP3: []
  scores: []
  types: []
  full_ranking_count: 0
[2026-03-19 14:59:41 UTC] scan elapsed=1.0ms macro=NEUTRAL
  TOP3: []
  scores: []
  types: []
  full_ranking_count: 0
[2026-03-19 14:59:41 UTC] scan elapsed=1.2ms macro=NEUTRAL
  TOP3: []
  scores: []
  types: []
  full_ranking_count: 0
[2026-03-19 14:59:41 UTC] scan elapsed=0.0ms macro=NEUTRAL
  TOP3: []
  scores: []
  types: []
  full_ranking_count: 0
[2026-03-19 14:59:41 UTC] scan elapsed=1.0ms macro=NEUTRAL
  TOP3: []
  scores: []
  types: []
  full_ranking_count: 0
[2026-03-19 14:59:41 UTC] scan elapsed=0.0ms macro=NEUTRAL
  TOP3: []
  scores: []
  types: []
  full_ranking_count: 0
[2026-03-19 14:59:41 UTC] scan elapsed=1.0ms macro=NEUTRAL
  TOP3: []
  scores: []
  types: []
  full_ranking_count: 0
[2026-03-19 14:59:41 UTC] scan elapsed=1.0ms macro=NEUTRAL
  TOP3: []
  scores: []
  types: []
  full_ranking_count: 0
[2026-03-19 14:59:41 UTC] scan elapsed=1.1ms macro=NEUTRAL
  TOP3: []
  scores: []
  types: []
  full_ranking_count: 0
[2026-03-19 14:59:41 UTC] scan elapsed=1.3ms macro=NEUTRAL
  TOP3: []
  scores: []
  types: []
  full_ranking_count: 0
[2026-03-19 14:59:41 UTC] scan elapsed=1.0ms macro=NEUTRAL
  TOP3: []
  scores: []
  types: []
  full_ranking_count: 0
[2026-03-19 15:01:37 UTC] scan elapsed=1.0ms macro=NEUTRAL
  TOP3: []
  scores: []
  types: []
  full_ranking_count: 0
[2026-03-19 15:01:37 UTC] scan elapsed=2.1ms macro=NEUTRAL
  TOP3: []
  scores: []
  types: []
  full_ranking_count: 0
[2026-03-19 15:01:37 UTC] scan elapsed=2.3ms macro=NEUTRAL
  TOP3: []
  scores: []
  types: []
  full_ranking_count: 0
[2026-03-19 15:01:37 UTC] scan elapsed=2.0ms macro=NEUTRAL
  TOP3: []
  scores: []
  types: []
  full_ranking_count: 0
[2026-03-19 15:01:37 UTC] scan elapsed=1.0ms macro=RISK_OFF
  TOP3: []
  scores: []
  types: []
  full_ranking_count: 0
[2026-03-19 15:01:37 UTC] scan elapsed=2.4ms macro=NEUTRAL
  TOP3: []
  scores: []
  types: []
  full_ranking_count: 0
[2026-03-19 15:01:37 UTC] scan elapsed=0.0ms macro=NEUTRAL
  TOP3: []
  scores: []
  types: []
  full_ranking_count: 0
[2026-03-19 15:01:37 UTC] scan elapsed=3.2ms macro=NEUTRAL
  TOP3: []
  scores: []
  types: []
  full_ranking_count: 0
[2026-03-19 15:01:37 UTC] scan elapsed=2.1ms macro=NEUTRAL
  TOP3: []
  scores: []
  types: []
  full_ranking_count: 0
[2026-03-19 15:01:37 UTC] scan elapsed=0.0ms macro=NEUTRAL
  TOP3: []
  scores: []
  types: []
  full_ranking_count: 0
[2026-03-19 15:01:37 UTC] scan elapsed=0.0ms macro=NEUTRAL
  TOP3: []
  scores: []
  types: []
  full_ranking_count: 0
[2026-03-19 15:01:37 UTC] scan elapsed=0.0ms macro=NEUTRAL
  TOP3: []
  scores: []
  types: []
  full_ranking_count: 0
[2026-03-19 15:01:37 UTC] scan elapsed=1.7ms macro=NEUTRAL
  TOP3: []
  scores: []
  types: []
  full_ranking_count: 0
[2026-03-19 15:01:37 UTC] scan elapsed=0.0ms macro=NEUTRAL
  TOP3: []
  scores: []
  types: []
  full_ranking_count: 0
[2026-03-19 15:01:37 UTC] scan elapsed=1.6ms macro=NEUTRAL
  TOP3: []
  scores: []
  types: []
  full_ranking_count: 0
[2026-03-19 15:01:37 UTC] scan elapsed=1.0ms macro=NEUTRAL
  TOP3: []
  scores: []
  types: []
  full_ranking_count: 0
[2026-03-19 15:16:19 UTC] scan elapsed=1.0ms macro=NEUTRAL
  TOP3: []
  scores: []
  types: []
  full_ranking_count: 0
[2026-03-19 15:16:19 UTC] scan elapsed=1.0ms macro=NEUTRAL
  TOP3: []
  scores: []
  types: []
  full_ranking_count: 0
[2026-03-19 15:16:19 UTC] scan elapsed=1.0ms macro=NEUTRAL
  TOP3: []
  scores: []
  types: []
  full_ranking_count: 0
[2026-03-19 15:16:19 UTC] scan elapsed=1.5ms macro=NEUTRAL
  TOP3: []
  scores: []
  types: []
  full_ranking_count: 0
[2026-03-19 15:16:19 UTC] scan elapsed=1.0ms macro=RISK_OFF
  TOP3: []
  scores: []
  types: []
  full_ranking_count: 0
[2026-03-19 15:16:19 UTC] scan elapsed=2.1ms macro=NEUTRAL
  TOP3: []
  scores: []
  types: []
  full_ranking_count: 0
[2026-03-19 15:16:19 UTC] scan elapsed=1.0ms macro=NEUTRAL
  TOP3: []
  scores: []
  types: []
  full_ranking_count: 0
[2026-03-19 15:16:19 UTC] scan elapsed=1.0ms macro=NEUTRAL
  TOP3: []
  scores: []
  types: []
  full_ranking_count: 0
[2026-03-19 15:16:19 UTC] scan elapsed=1.0ms macro=NEUTRAL
  TOP3: []
  scores: []
  types: []
  full_ranking_count: 0
[2026-03-19 15:16:19 UTC] scan elapsed=0.0ms macro=NEUTRAL
  TOP3: []
  scores: []
  types: []
  full_ranking_count: 0
[2026-03-19 15:16:19 UTC] scan elapsed=1.0ms macro=NEUTRAL
  TOP3: []
  scores: []
  types: []
  full_ranking_count: 0
[2026-03-19 15:16:19 UTC] scan elapsed=0.0ms macro=NEUTRAL
  TOP3: []
  scores: []
  types: []
  full_ranking_count: 0
[2026-03-19 15:16:19 UTC] scan elapsed=1.0ms macro=NEUTRAL
  TOP3: []
  scores: []
  types: []
  full_ranking_count: 0
[2026-03-19 15:16:19 UTC] scan elapsed=0.0ms macro=NEUTRAL
  TOP3: []
  scores: []
  types: []
  full_ranking_count: 0
[2026-03-19 15:16:19 UTC] scan elapsed=1.1ms macro=NEUTRAL
  TOP3: []
  scores: []
  types: []
  full_ranking_count: 0
[2026-03-19 15:16:19 UTC] scan elapsed=2.0ms macro=NEUTRAL
  TOP3: []
  scores: []
  types: []
  full_ranking_count: 0
[2026-03-19 15:22:09 UTC] scan elapsed=2.0ms macro=NEUTRAL
  TOP3: []
  scores: []
  types: []
  full_ranking_count: 0
[2026-03-19 15:22:09 UTC] scan elapsed=2.0ms macro=NEUTRAL
  TOP3: []
  scores: []
  types: []
  full_ranking_count: 0
[2026-03-19 15:22:09 UTC] scan elapsed=2.0ms macro=NEUTRAL
  TOP3: []
  scores: []
  types: []
  full_ranking_count: 0
[2026-03-19 15:22:09 UTC] scan elapsed=1.0ms macro=NEUTRAL
  TOP3: []
  scores: []
  types: []
  full_ranking_count: 0
[2026-03-19 15:22:09 UTC] scan elapsed=1.0ms macro=RISK_OFF
  TOP3: []
  scores: []
  types: []
  full_ranking_count: 0
[2026-03-19 15:22:09 UTC] scan elapsed=1.7ms macro=NEUTRAL
  TOP3: []
  scores: []
  types: []
  full_ranking_count: 0
[2026-03-19 15:22:09 UTC] scan elapsed=2.0ms macro=NEUTRAL
  TOP3: []
  scores: []
  types: []
  full_ranking_count: 0
[2026-03-19 15:22:09 UTC] scan elapsed=1.0ms macro=NEUTRAL
  TOP3: []
  scores: []
  types: []
  full_ranking_count: 0
[2026-03-19 15:22:09 UTC] scan elapsed=1.0ms macro=NEUTRAL
  TOP3: []
  scores: []
  types: []
  full_ranking_count: 0
[2026-03-19 15:22:09 UTC] scan elapsed=1.0ms macro=NEUTRAL
  TOP3: []
  scores: []
  types: []
  full_ranking_count: 0
[2026-03-19 15:22:09 UTC] scan elapsed=5.0ms macro=NEUTRAL
  TOP3: []
  scores: []
  types: []
  full_ranking_count: 0
[2026-03-19 15:22:09 UTC] scan elapsed=1.0ms macro=NEUTRAL
  TOP3: []
  scores: []
  types: []
  full_ranking_count: 0
[2026-03-19 15:22:09 UTC] scan elapsed=2.0ms macro=NEUTRAL
  TOP3: []
  scores: []
  types: []
  full_ranking_count: 0
[2026-03-19 15:22:09 UTC] scan elapsed=2.0ms macro=NEUTRAL
  TOP3: []
  scores: []
  types: []
  full_ranking_count: 0
[2026-03-19 15:22:09 UTC] scan elapsed=1.0ms macro=NEUTRAL
  TOP3: []
  scores: []
  types: []
  full_ranking_count: 0
[2026-03-19 15:22:09 UTC] scan elapsed=2.0ms macro=NEUTRAL
  TOP3: []
  scores: []
  types: []
  full_ranking_count: 0
[2026-03-19 15:28:41 UTC] scan elapsed=1.0ms macro=NEUTRAL
  TOP3: []
  scores: []
  types: []
  full_ranking_count: 0
[2026-03-19 15:28:41 UTC] scan elapsed=1.6ms macro=NEUTRAL
  TOP3: []
  scores: []
  types: []
  full_ranking_count: 0
[2026-03-19 15:28:41 UTC] scan elapsed=1.6ms macro=NEUTRAL
  TOP3: []
  scores: []
  types: []
  full_ranking_count: 0
[2026-03-19 15:28:41 UTC] scan elapsed=0.0ms macro=NEUTRAL
  TOP3: []
  scores: []
  types: []
  full_ranking_count: 0
[2026-03-19 15:28:41 UTC] scan elapsed=3.1ms macro=RISK_OFF
  TOP3: []
  scores: []
  types: []
  full_ranking_count: 0
[2026-03-19 15:28:41 UTC] scan elapsed=1.0ms macro=NEUTRAL
  TOP3: []
  scores: []
  types: []
  full_ranking_count: 0
[2026-03-19 15:28:41 UTC] scan elapsed=0.0ms macro=NEUTRAL
  TOP3: []
  scores: []
  types: []
  full_ranking_count: 0
[2026-03-19 15:28:41 UTC] scan elapsed=1.0ms macro=NEUTRAL
  TOP3: []
  scores: []
  types: []
  full_ranking_count: 0
[2026-03-19 15:28:41 UTC] scan elapsed=1.0ms macro=NEUTRAL
  TOP3: []
  scores: []
  types: []
  full_ranking_count: 0
[2026-03-19 15:28:41 UTC] scan elapsed=0.0ms macro=NEUTRAL
  TOP3: []
  scores: []
  types: []
  full_ranking_count: 0
[2026-03-19 15:28:41 UTC] scan elapsed=2.0ms macro=NEUTRAL
  TOP3: []
  scores: []
  types: []
  full_ranking_count: 0
[2026-03-19 15:28:41 UTC] scan elapsed=1.0ms macro=NEUTRAL
  TOP3: []
  scores: []
  types: []
  full_ranking_count: 0
[2026-03-19 15:28:41 UTC] scan elapsed=1.0ms macro=NEUTRAL
  TOP3: []
  scores: []
  types: []
  full_ranking_count: 0
[2026-03-19 15:28:41 UTC] scan elapsed=1.4ms macro=NEUTRAL
  TOP3: []
  scores: []
  types: []
  full_ranking_count: 0
[2026-03-19 15:28:41 UTC] scan elapsed=1.0ms macro=NEUTRAL
  TOP3: []
  scores: []
  types: []
  full_ranking_count: 0
[2026-03-19 15:28:41 UTC] scan elapsed=1.5ms macro=NEUTRAL
  TOP3: []
  scores: []
  types: []
  full_ranking_count: 0
[2026-03-19 15:50:35 UTC] scan elapsed=1.0ms macro=NEUTRAL
  TOP3: []
  scores: []
  types: []
  full_ranking_count: 0
[2026-03-19 15:50:35 UTC] scan elapsed=2.0ms macro=NEUTRAL
  TOP3: []
  scores: []
  types: []
  full_ranking_count: 0
[2026-03-19 15:50:35 UTC] scan elapsed=2.0ms macro=NEUTRAL
  TOP3: []
  scores: []
  types: []
  full_ranking_count: 0
[2026-03-19 15:50:35 UTC] scan elapsed=1.7ms macro=NEUTRAL
  TOP3: []
  scores: []
  types: []
  full_ranking_count: 0
[2026-03-19 15:50:35 UTC] scan elapsed=1.4ms macro=RISK_OFF
  TOP3: []
  scores: []
  types: []
  full_ranking_count: 0
[2026-03-19 15:50:35 UTC] scan elapsed=1.3ms macro=NEUTRAL
  TOP3: []
  scores: []
  types: []
  full_ranking_count: 0
[2026-03-19 15:50:35 UTC] scan elapsed=1.5ms macro=NEUTRAL
  TOP3: []
  scores: []
  types: []
  full_ranking_count: 0
[2026-03-19 15:50:35 UTC] scan elapsed=1.0ms macro=NEUTRAL
  TOP3: []
  scores: []
  types: []
  full_ranking_count: 0
[2026-03-19 15:50:35 UTC] scan elapsed=1.0ms macro=NEUTRAL
  TOP3: []
  scores: []
  types: []
  full_ranking_count: 0
[2026-03-19 15:50:35 UTC] scan elapsed=1.0ms macro=NEUTRAL
  TOP3: []
  scores: []
  types: []
  full_ranking_count: 0
[2026-03-19 15:50:35 UTC] scan elapsed=1.0ms macro=NEUTRAL
  TOP3: []
  scores: []
  types: []
  full_ranking_count: 0
[2026-03-19 15:50:35 UTC] scan elapsed=1.0ms macro=NEUTRAL
  TOP3: []
  scores: []
  types: []
  full_ranking_count: 0
[2026-03-19 15:50:35 UTC] scan elapsed=2.0ms macro=NEUTRAL
  TOP3: []
  scores: []
  types: []
  full_ranking_count: 0
[2026-03-19 15:50:35 UTC] scan elapsed=1.0ms macro=NEUTRAL
  TOP3: []
  scores: []
  types: []
  full_ranking_count: 0
[2026-03-19 15:50:35 UTC] scan elapsed=1.0ms macro=NEUTRAL
  TOP3: []
  scores: []
  types: []
  full_ranking_count: 0
[2026-03-19 15:50:35 UTC] scan elapsed=2.0ms macro=NEUTRAL
  TOP3: []
  scores: []
  types: []
  full_ranking_count: 0
[2026-03-19 15:52:18 UTC] scan elapsed=2.0ms macro=NEUTRAL
  TOP3: []
  scores: []
  types: []
  full_ranking_count: 0
[2026-03-19 15:52:18 UTC] scan elapsed=1.0ms macro=NEUTRAL
  TOP3: []
  scores: []
  types: []
  full_ranking_count: 0
[2026-03-19 15:52:18 UTC] scan elapsed=1.6ms macro=NEUTRAL
  TOP3: []
  scores: []
  types: []
  full_ranking_count: 0
[2026-03-19 15:52:18 UTC] scan elapsed=1.6ms macro=NEUTRAL
  TOP3: []
  scores: []
  types: []
  full_ranking_count: 0
[2026-03-19 15:52:18 UTC] scan elapsed=1.6ms macro=RISK_OFF
  TOP3: []
  scores: []
  types: []
  full_ranking_count: 0
[2026-03-19 15:52:18 UTC] scan elapsed=1.0ms macro=NEUTRAL
  TOP3: []
  scores: []
  types: []
  full_ranking_count: 0
[2026-03-19 15:52:18 UTC] scan elapsed=1.0ms macro=NEUTRAL
  TOP3: []
  scores: []
  types: []
  full_ranking_count: 0
[2026-03-19 15:52:18 UTC] scan elapsed=0.0ms macro=NEUTRAL
  TOP3: []
  scores: []
  types: []
  full_ranking_count: 0
[2026-03-19 15:52:18 UTC] scan elapsed=2.0ms macro=NEUTRAL
  TOP3: []
  scores: []
  types: []
  full_ranking_count: 0
[2026-03-19 15:52:18 UTC] scan elapsed=1.5ms macro=NEUTRAL
  TOP3: []
  scores: []
  types: []
  full_ranking_count: 0
[2026-03-19 15:52:18 UTC] scan elapsed=1.2ms macro=NEUTRAL
  TOP3: []
  scores: []
  types: []
  full_ranking_count: 0
[2026-03-19 15:52:18 UTC] scan elapsed=1.0ms macro=NEUTRAL
  TOP3: []
  scores: []
  types: []
  full_ranking_count: 0
[2026-03-19 15:52:18 UTC] scan elapsed=1.0ms macro=NEUTRAL
  TOP3: []
  scores: []
  types: []
  full_ranking_count: 0
[2026-03-19 15:52:18 UTC] scan elapsed=0.0ms macro=NEUTRAL
  TOP3: []
  scores: []
  types: []
  full_ranking_count: 0
[2026-03-19 15:52:18 UTC] scan elapsed=1.0ms macro=NEUTRAL
  TOP3: []
  scores: []
  types: []
  full_ranking_count: 0
[2026-03-19 15:52:18 UTC] scan elapsed=1.0ms macro=NEUTRAL
  TOP3: []
  scores: []
  types: []
  full_ranking_count: 0
[2026-03-19 16:32:00 UTC] scan elapsed=5.2ms macro=NEUTRAL
  TOP3: []
  scores: []
  types: []
  full_ranking_count: 0
[2026-03-19 16:32:00 UTC] scan elapsed=0.0ms macro=NEUTRAL
  TOP3: []
  scores: []
  types: []
  full_ranking_count: 0
[2026-03-19 16:32:00 UTC] scan elapsed=0.0ms macro=NEUTRAL
  TOP3: []
  scores: []
  types: []
  full_ranking_count: 0
[2026-03-19 16:32:00 UTC] scan elapsed=1.2ms macro=NEUTRAL
  TOP3: []
  scores: []
  types: []
  full_ranking_count: 0
[2026-03-19 16:32:00 UTC] scan elapsed=1.0ms macro=RISK_OFF
  TOP3: []
  scores: []
  types: []
  full_ranking_count: 0
[2026-03-19 16:32:00 UTC] scan elapsed=1.0ms macro=NEUTRAL
  TOP3: []
  scores: []
  types: []
  full_ranking_count: 0
[2026-03-19 16:32:00 UTC] scan elapsed=1.0ms macro=NEUTRAL
  TOP3: []
  scores: []
  types: []
  full_ranking_count: 0
[2026-03-19 16:32:00 UTC] scan elapsed=1.0ms macro=NEUTRAL
  TOP3: []
  scores: []
  types: []
  full_ranking_count: 0
[2026-03-19 16:32:00 UTC] scan elapsed=0.0ms macro=NEUTRAL
  TOP3: []
  scores: []
  types: []
  full_ranking_count: 0
[2026-03-19 16:32:00 UTC] scan elapsed=0.0ms macro=NEUTRAL
  TOP3: []
  scores: []
  types: []
  full_ranking_count: 0
[2026-03-19 16:32:00 UTC] scan elapsed=0.0ms macro=NEUTRAL
  TOP3: []
  scores: []
  types: []
  full_ranking_count: 0
[2026-03-19 16:32:00 UTC] scan elapsed=0.0ms macro=NEUTRAL
  TOP3: []
  scores: []
  types: []
  full_ranking_count: 0
[2026-03-19 16:32:00 UTC] scan elapsed=0.0ms macro=NEUTRAL
  TOP3: []
  scores: []
  types: []
  full_ranking_count: 0
[2026-03-19 16:32:00 UTC] scan elapsed=0.0ms macro=NEUTRAL
  TOP3: []
  scores: []
  types: []
  full_ranking_count: 0
[2026-03-19 16:32:00 UTC] scan elapsed=0.0ms macro=NEUTRAL
  TOP3: []
  scores: []
  types: []
  full_ranking_count: 0
[2026-03-19 16:32:00 UTC] scan elapsed=3.0ms macro=NEUTRAL
  TOP3: []
  scores: []
  types: []
  full_ranking_count: 0
[2026-03-19 16:36:01 UTC] scan elapsed=0.0ms macro=NEUTRAL
  TOP3: []
  scores: []
  types: []
  full_ranking_count: 0
[2026-03-19 16:36:01 UTC] scan elapsed=2.0ms macro=NEUTRAL
  TOP3: []
  scores: []
  types: []
  full_ranking_count: 0
[2026-03-19 16:36:01 UTC] scan elapsed=0.3ms macro=NEUTRAL
  TOP3: []
  scores: []
  types: []
  full_ranking_count: 0
[2026-03-19 16:36:01 UTC] scan elapsed=0.0ms macro=NEUTRAL
  TOP3: []
  scores: []
  types: []
  full_ranking_count: 0
[2026-03-19 16:36:01 UTC] scan elapsed=2.0ms macro=RISK_OFF
  TOP3: []
  scores: []
  types: []
  full_ranking_count: 0
[2026-03-19 16:36:01 UTC] scan elapsed=1.5ms macro=NEUTRAL
  TOP3: []
  scores: []
  types: []
  full_ranking_count: 0
[2026-03-19 16:36:01 UTC] scan elapsed=0.0ms macro=NEUTRAL
  TOP3: []
  scores: []
  types: []
  full_ranking_count: 0
[2026-03-19 16:36:01 UTC] scan elapsed=0.0ms macro=NEUTRAL
  TOP3: []
  scores: []
  types: []
  full_ranking_count: 0
[2026-03-19 16:36:01 UTC] scan elapsed=0.0ms macro=NEUTRAL
  TOP3: []
  scores: []
  types: []
  full_ranking_count: 0
[2026-03-19 16:36:01 UTC] scan elapsed=0.0ms macro=NEUTRAL
  TOP3: []
  scores: []
  types: []
  full_ranking_count: 0
[2026-03-19 16:36:01 UTC] scan elapsed=0.0ms macro=NEUTRAL
  TOP3: []
  scores: []
  types: []
  full_ranking_count: 0
[2026-03-19 16:36:01 UTC] scan elapsed=2.0ms macro=NEUTRAL
  TOP3: []
  scores: []
  types: []
  full_ranking_count: 0
[2026-03-19 16:36:01 UTC] scan elapsed=2.5ms macro=NEUTRAL
  TOP3: []
  scores: []
  types: []
  full_ranking_count: 0
[2026-03-19 16:36:01 UTC] scan elapsed=0.7ms macro=NEUTRAL
  TOP3: []
  scores: []
  types: []
  full_ranking_count: 0
[2026-03-19 16:36:01 UTC] scan elapsed=0.0ms macro=NEUTRAL
  TOP3: []
  scores: []
  types: []
  full_ranking_count: 0
[2026-03-19 16:36:01 UTC] scan elapsed=0.0ms macro=NEUTRAL
  TOP3: []
  scores: []
  types: []
  full_ranking_count: 0
[2026-03-19 16:38:07 UTC] scan elapsed=0.0ms macro=NEUTRAL
  TOP3: []
  scores: []
  types: []
  full_ranking_count: 0
[2026-03-19 16:38:07 UTC] scan elapsed=1.0ms macro=NEUTRAL
  TOP3: []
  scores: []
  types: []
  full_ranking_count: 0
[2026-03-19 16:38:07 UTC] scan elapsed=1.0ms macro=NEUTRAL
  TOP3: []
  scores: []
  types: []
  full_ranking_count: 0
[2026-03-19 16:38:07 UTC] scan elapsed=1.1ms macro=NEUTRAL
  TOP3: []
  scores: []
  types: []
  full_ranking_count: 0
[2026-03-19 16:38:07 UTC] scan elapsed=2.2ms macro=RISK_OFF
  TOP3: []
  scores: []
  types: []
  full_ranking_count: 0
[2026-03-19 16:38:07 UTC] scan elapsed=0.0ms macro=NEUTRAL
  TOP3: []
  scores: []
  types: []
  full_ranking_count: 0
[2026-03-19 16:38:07 UTC] scan elapsed=0.0ms macro=NEUTRAL
  TOP3: []
  scores: []
  types: []
  full_ranking_count: 0
[2026-03-19 16:38:07 UTC] scan elapsed=0.0ms macro=NEUTRAL
  TOP3: []
  scores: []
  types: []
  full_ranking_count: 0
[2026-03-19 16:38:07 UTC] scan elapsed=0.0ms macro=NEUTRAL
  TOP3: []
  scores: []
  types: []
  full_ranking_count: 0
[2026-03-19 16:38:07 UTC] scan elapsed=0.0ms macro=NEUTRAL
  TOP3: []
  scores: []
  types: []
  full_ranking_count: 0
[2026-03-19 16:38:07 UTC] scan elapsed=10.5ms macro=NEUTRAL
  TOP3: []
  scores: []
  types: []
  full_ranking_count: 0
[2026-03-19 16:38:07 UTC] scan elapsed=1.3ms macro=NEUTRAL
  TOP3: []
  scores: []
  types: []
  full_ranking_count: 0
[2026-03-19 16:38:07 UTC] scan elapsed=1.0ms macro=NEUTRAL
  TOP3: []
  scores: []
  types: []
  full_ranking_count: 0
[2026-03-19 16:38:07 UTC] scan elapsed=1.0ms macro=NEUTRAL
  TOP3: []
  scores: []
  types: []
  full_ranking_count: 0
[2026-03-19 16:38:07 UTC] scan elapsed=0.0ms macro=NEUTRAL
  TOP3: []
  scores: []
  types: []
  full_ranking_count: 0
[2026-03-19 16:38:07 UTC] scan elapsed=0.0ms macro=NEUTRAL
  TOP3: []
  scores: []
  types: []
  full_ranking_count: 0
[2026-03-19 17:07:31 UTC] scan elapsed=2.0ms macro=NEUTRAL
  TOP3: []
  scores: []
  types: []
  full_ranking_count: 0
[2026-03-19 17:07:31 UTC] scan elapsed=1.0ms macro=NEUTRAL
  TOP3: []
  scores: []
  types: []
  full_ranking_count: 0
[2026-03-19 17:07:31 UTC] scan elapsed=2.0ms macro=NEUTRAL
  TOP3: []
  scores: []
  types: []
  full_ranking_count: 0
[2026-03-19 17:07:31 UTC] scan elapsed=1.0ms macro=NEUTRAL
  TOP3: []
  scores: []
  types: []
  full_ranking_count: 0
[2026-03-19 17:07:31 UTC] scan elapsed=1.0ms macro=RISK_OFF
  TOP3: []
  scores: []
  types: []
  full_ranking_count: 0
[2026-03-19 17:07:31 UTC] scan elapsed=1.0ms macro=NEUTRAL
  TOP3: []
  scores: []
  types: []
  full_ranking_count: 0
[2026-03-19 17:07:31 UTC] scan elapsed=0.0ms macro=NEUTRAL
  TOP3: []
  scores: []
  types: []
  full_ranking_count: 0
[2026-03-19 17:07:31 UTC] scan elapsed=1.0ms macro=NEUTRAL
  TOP3: []
  scores: []
  types: []
  full_ranking_count: 0
[2026-03-19 17:07:31 UTC] scan elapsed=1.0ms macro=NEUTRAL
  TOP3: []
  scores: []
  types: []
  full_ranking_count: 0
[2026-03-19 17:07:31 UTC] scan elapsed=1.0ms macro=NEUTRAL
  TOP3: []
  scores: []
  types: []
  full_ranking_count: 0
[2026-03-19 17:07:31 UTC] scan elapsed=0.0ms macro=NEUTRAL
  TOP3: []
  scores: []
  types: []
  full_ranking_count: 0
[2026-03-19 17:07:31 UTC] scan elapsed=1.0ms macro=NEUTRAL
  TOP3: []
  scores: []
  types: []
  full_ranking_count: 0
[2026-03-19 17:07:31 UTC] scan elapsed=1.0ms macro=NEUTRAL
  TOP3: []
  scores: []
  types: []
  full_ranking_count: 0
[2026-03-19 17:07:31 UTC] scan elapsed=0.0ms macro=NEUTRAL
  TOP3: []
  scores: []
  types: []
  full_ranking_count: 0
[2026-03-19 17:07:31 UTC] scan elapsed=1.0ms macro=NEUTRAL
  TOP3: []
  scores: []
  types: []
  full_ranking_count: 0
[2026-03-19 17:07:31 UTC] scan elapsed=1.0ms macro=NEUTRAL
  TOP3: []
  scores: []
  types: []
  full_ranking_count: 0
[2026-03-19 17:08:26 UTC] scan elapsed=1.0ms macro=NEUTRAL
  TOP3: []
  scores: []
  types: []
  full_ranking_count: 0
[2026-03-19 17:08:26 UTC] scan elapsed=1.0ms macro=NEUTRAL
  TOP3: []
  scores: []
  types: []
  full_ranking_count: 0
[2026-03-19 17:08:26 UTC] scan elapsed=1.0ms macro=NEUTRAL
  TOP3: []
  scores: []
  types: []
  full_ranking_count: 0
[2026-03-19 17:08:26 UTC] scan elapsed=1.0ms macro=NEUTRAL
  TOP3: []
  scores: []
  types: []
  full_ranking_count: 0
[2026-03-19 17:08:26 UTC] scan elapsed=2.0ms macro=RISK_OFF
  TOP3: []
  scores: []
  types: []
  full_ranking_count: 0
[2026-03-19 17:08:26 UTC] scan elapsed=1.0ms macro=NEUTRAL
  TOP3: []
  scores: []
  types: []
  full_ranking_count: 0
[2026-03-19 17:08:26 UTC] scan elapsed=0.0ms macro=NEUTRAL
  TOP3: []
  scores: []
  types: []
  full_ranking_count: 0
[2026-03-19 17:08:26 UTC] scan elapsed=1.0ms macro=NEUTRAL
  TOP3: []
  scores: []
  types: []
  full_ranking_count: 0
[2026-03-19 17:08:26 UTC] scan elapsed=0.0ms macro=NEUTRAL
  TOP3: []
  scores: []
  types: []
  full_ranking_count: 0
[2026-03-19 17:08:26 UTC] scan elapsed=1.0ms macro=NEUTRAL
  TOP3: []
  scores: []
  types: []
  full_ranking_count: 0
[2026-03-19 17:08:26 UTC] scan elapsed=2.0ms macro=NEUTRAL
  TOP3: []
  scores: []
  types: []
  full_ranking_count: 0
[2026-03-19 17:08:26 UTC] scan elapsed=1.0ms macro=NEUTRAL
  TOP3: []
  scores: []
  types: []
  full_ranking_count: 0
[2026-03-19 17:08:26 UTC] scan elapsed=1.0ms macro=NEUTRAL
  TOP3: []
  scores: []
  types: []
  full_ranking_count: 0
[2026-03-19 17:08:26 UTC] scan elapsed=1.0ms macro=NEUTRAL
  TOP3: []
  scores: []
  types: []
  full_ranking_count: 0
[2026-03-19 17:08:26 UTC] scan elapsed=0.0ms macro=NEUTRAL
  TOP3: []
  scores: []
  types: []
  full_ranking_count: 0
[2026-03-19 17:08:26 UTC] scan elapsed=1.0ms macro=NEUTRAL
  TOP3: []
  scores: []
  types: []
  full_ranking_count: 0
